<?xml version="1.0" encoding="UTF-8"?>
<testsuites name="TTS_DemoQA_Form" time="249.168" tests="1" failures="0" errors="0">
   <testsuite name="TTS_DemoQA_Form" tests="1" failures="0" errors="0" time="249.168" skipped="0" timestamp="2025-10-03T10:05:15.325Z" hostname="Jexxy - LAPTOP-PNUGKF7L" id="Test Suites/TTS_DemoQA_Form">
      <properties>
         <property name="deviceName" value=""/>
         <property name="devicePlatform"/>
         <property name="logFolder" value="C:\\Users\\Jexxy\\OneDrive\\Documents\\GitHub\\DemoQA_form_test\\Reports\\20251003_170510\\TTS_DemoQA_Form\\20251003_170511"/>
         <property name="logFiles" value="C:\\Users\\Jexxy\\OneDrive\\Documents\\GitHub\\DemoQA_form_test\\Reports\\20251003_170510\\TTS_DemoQA_Form\\20251003_170511\\console0.log, C:\\Users\\Jexxy\\OneDrive\\Documents\\GitHub\\DemoQA_form_test\\Reports\\20251003_170510\\TTS_DemoQA_Form\\20251003_170511\\execution0.log"/>
         <property name="attachments" value=""/>
         <property name="hostName" value="Jexxy - LAPTOP-PNUGKF7L"/>
         <property name="os" value="Windows 11 64bit"/>
         <property name="katalonVersion" value="10.3.2.0"/>
         <property name="browser" value="Chrome 140.0.7339.208"/>
         <property name="userFullName" value="Gagas Langgeng Dwi P"/>
         <property name="hostAddress" value="192.168.18.17"/>
         <property name="sessionId" value="5f92d4cf8db96d09523464a910eefef3"/>
         <property name="projectName" value="DemoQA_form_test"/>
         <property name="seleniumVersion" value="4.28.1"/>
         <property name="proxyInformation" value="ProxyInformation { proxyOption=NO_PROXY, proxyServerType=HTTP, username=, password=********, proxyServerAddress=, proxyServerPort=0, executionList=&quot;&quot;, isApplyToDesiredCapabilities=true }"/>
         <property name="platform" value="Windows 11"/>
      </properties>
      <testcase name="Test Cases/TC_DemoQA_DDT" time="248.609" classname="Test Cases/TC_DemoQA_DDT" status="PASSED">
         <properties>
            <property name="data_binding"><![CDATA[{"(Default) Gende...":"","(Default) DOB":"","(Default) Pictu...":"","(Default) Hobbi...":"","(Default) Email":"","(Default) LastN...":"","(Default) First...":"","(Default) City":"","(Default) State":"","(Default) Addre...":"","(Default) Mobil...":"","(Default) Subje...":""}]]></property>
         </properties>
         <system-out><![CDATA[03-10-2025T17:05:15 - [TEST_CASE][PASSED] - Test Cases/TC_DemoQA_DDT: Test Cases/TC_DemoQA_DDT

03-10-2025T17:05:16 - [TEST_STEP][PASSED] - data = findTestData("Data Files/DataDemoQA"): null

03-10-2025T17:05:16 - [TEST_STEP][PASSED] - for ([row = 1, row <= data.getRowNumbers(), (row++)]): Browser is closed

03-10-2025T17:05:16 - [TEST_STEP][PASSED] - firstName = data.getValue("FirstName", row): null

03-10-2025T17:05:16 - [TEST_STEP][PASSED] - lastName = data.getValue("LastName", row): null

03-10-2025T17:05:16 - [TEST_STEP][PASSED] - email = data.getValue("Email", row): null

03-10-2025T17:05:16 - [TEST_STEP][PASSED] - mobile = data.getValue("Mobile", row): null

03-10-2025T17:05:16 - [TEST_STEP][PASSED] - gender = data.getValue("Gender", row): null

03-10-2025T17:05:16 - [TEST_STEP][PASSED] - dob = data.getValue("DOB", row): null

03-10-2025T17:05:16 - [TEST_STEP][PASSED] - subject = data.getValue("Subject", row): null

03-10-2025T17:05:16 - [TEST_STEP][PASSED] - hobbies = data.getValue("Hobbies", row): null

03-10-2025T17:05:16 - [TEST_STEP][PASSED] - picture = data.getValue("Picture", row): null

03-10-2025T17:05:16 - [TEST_STEP][PASSED] - address = data.getValue("Address", row): null

03-10-2025T17:05:16 - [TEST_STEP][PASSED] - state = data.getValue("State", row): null

03-10-2025T17:05:16 - [TEST_STEP][PASSED] - city = data.getValue("City", row): null

03-10-2025T17:05:16 - [TEST_STEP][PASSED] - expected = data.getValue("Expected", row): null

03-10-2025T17:05:16 - [TEST_STEP][PASSED] - comment(▶ Iterasi $row: $firstName $lastName | $email | $mobile): ▶ Iterasi 1: Gagas Jex | gagasJex@g.com | 877362673

03-10-2025T17:05:16 - [MESSAGE][INFO] - ▶ Iterasi 1: Gagas Jex | gagasJex@g.com | 877362673

03-10-2025T17:05:16 - [TEST_STEP][PASSED] - openBrowser(""): Browser is opened with url: ''

03-10-2025T17:05:16 - [MESSAGE][INFO] - Starting 'Chrome' driver

03-10-2025T17:05:16 - [MESSAGE][INFO] - Action delay is set to 0 milliseconds

03-10-2025T17:05:18 - [MESSAGE][PASSED] - Browser is opened with url: ''

03-10-2025T17:05:18 - [TEST_STEP][PASSED] - navigateToUrl("https://demoqa.com/automation-practice-form"): Navigate to 'https://demoqa.com/automation-practice-form' successfully

03-10-2025T17:05:24 - [MESSAGE][PASSED] - Navigate to 'https://demoqa.com/automation-practice-form' successfully

03-10-2025T17:05:24 - [TEST_STEP][PASSED] - maximizeWindow(): Current window maximized

03-10-2025T17:05:24 - [MESSAGE][PASSED] - Current window maximized

03-10-2025T17:05:24 - [TEST_STEP][PASSED] - setText(findTestObject("Page_DEMOQA/input_Name_firstName"), firstName): Text 'Gagas' is set on object 'Object Repository/Page_DEMOQA/input_Name_firstName'

03-10-2025T17:05:25 - [MESSAGE][PASSED] - Text 'Gagas' is set on object 'Object Repository/Page_DEMOQA/input_Name_firstName'

03-10-2025T17:05:25 - [TEST_STEP][PASSED] - setText(findTestObject("Page_DEMOQA/input_Name_lastName"), lastName): Text 'Jex' is set on object 'Object Repository/Page_DEMOQA/input_Name_lastName'

03-10-2025T17:05:26 - [MESSAGE][PASSED] - Text 'Jex' is set on object 'Object Repository/Page_DEMOQA/input_Name_lastName'

03-10-2025T17:05:26 - [TEST_STEP][PASSED] - setText(findTestObject("Page_DEMOQA/input_Email_userEmail"), email): Text 'gagasJex@g.com' is set on object 'Object Repository/Page_DEMOQA/input_Email_userEmail'

03-10-2025T17:05:26 - [MESSAGE][PASSED] - Text 'gagasJex@g.com' is set on object 'Object Repository/Page_DEMOQA/input_Email_userEmail'

03-10-2025T17:05:26 - [TEST_STEP][PASSED] - if (gender != null && trim().length() > 0): Object: '' is clicked on

03-10-2025T17:05:26 - [TEST_STEP][PASSED] - comment(Klik gender: $gender): Klik gender: Male

03-10-2025T17:05:26 - [MESSAGE][INFO] - Klik gender: Male

03-10-2025T17:05:26 - [TEST_STEP][PASSED] - genderOption = new com.kms.katalon.core.testobject.TestObject(): null

03-10-2025T17:05:26 - [TEST_STEP][PASSED] - genderOption.addProperty("xpath", EQUALS, //label[normalize-space(text())='$gender']): null

03-10-2025T17:05:26 - [TEST_STEP][PASSED] - click(genderOption): Object: '' is clicked on

03-10-2025T17:05:27 - [MESSAGE][PASSED] - Object: '' is clicked on

03-10-2025T17:05:27 - [TEST_STEP][PASSED] - setText(findTestObject("Page_DEMOQA/input_(10 Digits)_userNumber"), "0" + mobile): Text '0877362673' is set on object 'Object Repository/Page_DEMOQA/input_(10 Digits)_userNumber'

03-10-2025T17:05:28 - [MESSAGE][PASSED] - Text '0877362673' is set on object 'Object Repository/Page_DEMOQA/input_(10 Digits)_userNumber'

03-10-2025T17:05:28 - [TEST_STEP][PASSED] - if (dob && dob.trim() != ""): Object: '' is clicked on

03-10-2025T17:05:28 - [TEST_STEP][PASSED] - parts = dob.split("/"): null

03-10-2025T17:05:28 - [TEST_STEP][PASSED] - day = parts[0]: null

03-10-2025T17:05:28 - [TEST_STEP][PASSED] - month = parts[1].toInteger() - 1: null

03-10-2025T17:05:28 - [TEST_STEP][PASSED] - year = parts[2]: null

03-10-2025T17:05:28 - [TEST_STEP][PASSED] - click(findTestObject("Page_DEMOQA/input_Date of Birth_dateOfBirthInput")): Object: 'Object Repository/Page_DEMOQA/input_Date of Birth_dateOfBirthInput' is clicked on

03-10-2025T17:05:28 - [MESSAGE][PASSED] - Object: 'Object Repository/Page_DEMOQA/input_Date of Birth_dateOfBirthInput' is clicked on

03-10-2025T17:05:28 - [TEST_STEP][PASSED] - yearSelect = new com.kms.katalon.core.testobject.TestObject(): null

03-10-2025T17:05:28 - [TEST_STEP][PASSED] - yearSelect.addProperty("xpath", EQUALS, "//select[contains(@class,'react-datepicker__year-select')]"): null

03-10-2025T17:05:28 - [TEST_STEP][PASSED] - monthSelect = new com.kms.katalon.core.testobject.TestObject(): null

03-10-2025T17:05:28 - [TEST_STEP][PASSED] - monthSelect.addProperty("xpath", EQUALS, "//select[contains(@class,'react-datepicker__month-select')]"): null

03-10-2025T17:05:28 - [TEST_STEP][PASSED] - selectOptionByValue(yearSelect, year, true): All options with value '2000' are selected in object ''  using regular expression

03-10-2025T17:05:31 - [MESSAGE][PASSED] - All options with value '2000' are selected in object ''  using regular expression

03-10-2025T17:05:31 - [TEST_STEP][PASSED] - selectOptionByIndex(monthSelect, month): All options with index in [9] are selected on object ''

03-10-2025T17:05:32 - [MESSAGE][PASSED] - All options with index in [9] are selected on object ''

03-10-2025T17:05:32 - [TEST_STEP][PASSED] - dayObject = new com.kms.katalon.core.testobject.TestObject(): null

03-10-2025T17:05:32 - [TEST_STEP][PASSED] - dayObject.addProperty("xpath", EQUALS, //div[contains(@class,'react-datepicker__day') and not(contains(@class,'outside-month')) and text()='$day']): null

03-10-2025T17:05:32 - [TEST_STEP][PASSED] - click(dayObject): Object: '' is clicked on

03-10-2025T17:05:32 - [MESSAGE][PASSED] - Object: '' is clicked on

03-10-2025T17:05:32 - [TEST_STEP][PASSED] - if (subject && subject.trim() != ""): Keys 'ENTER + ' sent to object: 'Object Repository/Page_DEMOQA/input_Subjects_subjectsInput'

03-10-2025T17:05:32 - [TEST_STEP][PASSED] - setText(findTestObject("Page_DEMOQA/input_Subjects_subjectsInput"), subject): Text 'Math' is set on object 'Object Repository/Page_DEMOQA/input_Subjects_subjectsInput'

03-10-2025T17:05:33 - [MESSAGE][PASSED] - Text 'Math' is set on object 'Object Repository/Page_DEMOQA/input_Subjects_subjectsInput'

03-10-2025T17:05:33 - [TEST_STEP][PASSED] - sendKeys(findTestObject("Page_DEMOQA/input_Subjects_subjectsInput"), Keys.chord(ENTER)): Keys 'ENTER + ' sent to object: 'Object Repository/Page_DEMOQA/input_Subjects_subjectsInput'

03-10-2025T17:05:33 - [MESSAGE][PASSED] - Keys 'ENTER + ' sent to object: 'Object Repository/Page_DEMOQA/input_Subjects_subjectsInput'

03-10-2025T17:05:33 - [TEST_STEP][PASSED] - if (hobbies && hobbies.trim() != ""): Object: '' is clicked on

03-10-2025T17:05:33 - [TEST_STEP][PASSED] - hobbyOption = new com.kms.katalon.core.testobject.TestObject(): null

03-10-2025T17:05:33 - [TEST_STEP][PASSED] - hobbyOption.addProperty("xpath", EQUALS, //label[text()='$hobbies']): null

03-10-2025T17:05:33 - [TEST_STEP][PASSED] - click(hobbyOption): Object: '' is clicked on

03-10-2025T17:05:34 - [MESSAGE][PASSED] - Object: '' is clicked on

03-10-2025T17:05:34 - [TEST_STEP][PASSED] - if (picture && picture.trim() != ""): File 'C:\Users\Jexxy\Downloads\WhatsApp Image 2025-09-29 at 2.27.59 PM.jpeg' sent to object: 'Object Repository/Page_DEMOQA/input_Select picture_uploadPicture'

03-10-2025T17:05:34 - [TEST_STEP][PASSED] - comment(📂 Upload picture: $picture): 📂 Upload picture: C:\Users\Jexxy\Downloads\WhatsApp Image 2025-09-29 at 2.27.59 PM.jpeg

03-10-2025T17:05:34 - [MESSAGE][INFO] - 📂 Upload picture: C:\Users\Jexxy\Downloads\WhatsApp Image 2025-09-29 at 2.27.59 PM.jpeg

03-10-2025T17:05:34 - [TEST_STEP][PASSED] - uploadFile(findTestObject("Page_DEMOQA/input_Select picture_uploadPicture"), picture): File 'C:\Users\Jexxy\Downloads\WhatsApp Image 2025-09-29 at 2.27.59 PM.jpeg' sent to object: 'Object Repository/Page_DEMOQA/input_Select picture_uploadPicture'

03-10-2025T17:05:34 - [MESSAGE][PASSED] - File 'C:\Users\Jexxy\Downloads\WhatsApp Image 2025-09-29 at 2.27.59 PM.jpeg' sent to object: 'Object Repository/Page_DEMOQA/input_Select picture_uploadPicture'

03-10-2025T17:05:34 - [TEST_STEP][PASSED] - setText(findTestObject("Page_DEMOQA/textarea_Current Address_currentAddress"), address): Text 'Jl. Jalan' is set on object 'Object Repository/Page_DEMOQA/textarea_Current Address_currentAddress'

03-10-2025T17:05:35 - [MESSAGE][PASSED] - Text 'Jl. Jalan' is set on object 'Object Repository/Page_DEMOQA/textarea_Current Address_currentAddress'

03-10-2025T17:05:35 - [TEST_STEP][PASSED] - if (state && state.trim() != ""): Object: '' is clicked on

03-10-2025T17:05:35 - [TEST_STEP][PASSED] - click(findTestObject("Page_DEMOQA/div_Select State_css-1gtu0rj-indicatorContainer")): Object: 'Object Repository/Page_DEMOQA/div_Select State_css-1gtu0rj-indicatorContainer' is clicked on

03-10-2025T17:05:35 - [MESSAGE][PASSED] - Object: 'Object Repository/Page_DEMOQA/div_Select State_css-1gtu0rj-indicatorContainer' is clicked on

03-10-2025T17:05:35 - [TEST_STEP][PASSED] - stateOption = new com.kms.katalon.core.testobject.TestObject(): null

03-10-2025T17:05:35 - [TEST_STEP][PASSED] - stateOption.addProperty("xpath", EQUALS, //div[contains(@id,'react-select-3-option') and text()='$state']): null

03-10-2025T17:05:35 - [TEST_STEP][PASSED] - click(stateOption): Object: '' is clicked on

03-10-2025T17:05:36 - [MESSAGE][PASSED] - Object: '' is clicked on

03-10-2025T17:05:36 - [TEST_STEP][PASSED] - if (city && city.trim() != ""): Object: '' is clicked on

03-10-2025T17:05:36 - [TEST_STEP][PASSED] - click(findTestObject("Page_DEMOQA/svg_Select City_css-19bqh2r")): Object: 'Object Repository/Page_DEMOQA/svg_Select City_css-19bqh2r' is clicked on

03-10-2025T17:05:36 - [MESSAGE][PASSED] - Object: 'Object Repository/Page_DEMOQA/svg_Select City_css-19bqh2r' is clicked on

03-10-2025T17:05:36 - [TEST_STEP][PASSED] - cityOption = new com.kms.katalon.core.testobject.TestObject(): null

03-10-2025T17:05:36 - [TEST_STEP][PASSED] - cityOption.addProperty("xpath", EQUALS, //div[contains(@id,'react-select-4-option') and text()='$city']): null

03-10-2025T17:05:36 - [TEST_STEP][PASSED] - click(cityOption): Object: '' is clicked on

03-10-2025T17:05:37 - [MESSAGE][PASSED] - Object: '' is clicked on

03-10-2025T17:05:37 - [TEST_STEP][PASSED] - submitBtn = new com.kms.katalon.core.testobject.TestObject(): null

03-10-2025T17:05:37 - [TEST_STEP][PASSED] - submitBtn.addProperty("xpath", EQUALS, "//button[@id='submit']"): null

03-10-2025T17:05:37 - [TEST_STEP][PASSED] - click(submitBtn): Object: '' is clicked on

03-10-2025T17:05:38 - [MESSAGE][PASSED] - Object: '' is clicked on

03-10-2025T17:05:38 - [TEST_STEP][PASSED] - if (expected == "required" && gender == null || gender.trim() == ""): null

03-10-2025T17:05:38 - [TEST_STEP][PASSED] - else if (expected == "valid"): Object '' is visible

03-10-2025T17:05:38 - [TEST_STEP][PASSED] - popup = new com.kms.katalon.core.testobject.TestObject(): null

03-10-2025T17:05:38 - [TEST_STEP][PASSED] - popup.addProperty("xpath", EQUALS, "//div[@id='example-modal-sizes-title-lg']"): null

03-10-2025T17:05:38 - [TEST_STEP][PASSED] - verifyElementVisible(popup, CONTINUE_ON_FAILURE): Object '' is visible

03-10-2025T17:05:38 - [MESSAGE][PASSED] - Object '' is visible

03-10-2025T17:05:38 - [TEST_STEP][PASSED] - closeBrowser(): Browser is closed

03-10-2025T17:05:38 - [MESSAGE][PASSED] - Browser is closed

03-10-2025T17:05:38 - [TEST_STEP][PASSED] - firstName = data.getValue("FirstName", row): null

03-10-2025T17:05:38 - [TEST_STEP][PASSED] - lastName = data.getValue("LastName", row): null

03-10-2025T17:05:38 - [TEST_STEP][PASSED] - email = data.getValue("Email", row): null

03-10-2025T17:05:38 - [TEST_STEP][PASSED] - mobile = data.getValue("Mobile", row): null

03-10-2025T17:05:38 - [TEST_STEP][PASSED] - gender = data.getValue("Gender", row): null

03-10-2025T17:05:38 - [TEST_STEP][PASSED] - dob = data.getValue("DOB", row): null

03-10-2025T17:05:38 - [TEST_STEP][PASSED] - subject = data.getValue("Subject", row): null

03-10-2025T17:05:38 - [TEST_STEP][PASSED] - hobbies = data.getValue("Hobbies", row): null

03-10-2025T17:05:38 - [TEST_STEP][PASSED] - picture = data.getValue("Picture", row): null

03-10-2025T17:05:38 - [TEST_STEP][PASSED] - address = data.getValue("Address", row): null

03-10-2025T17:05:38 - [TEST_STEP][PASSED] - state = data.getValue("State", row): null

03-10-2025T17:05:38 - [TEST_STEP][PASSED] - city = data.getValue("City", row): null

03-10-2025T17:05:38 - [TEST_STEP][PASSED] - expected = data.getValue("Expected", row): null

03-10-2025T17:05:38 - [TEST_STEP][PASSED] - comment(▶ Iterasi $row: $firstName $lastName | $email | $mobile): ▶ Iterasi 2: Raden Mas Gagas Mangkubumi Mangkurat S.Kom M.Kom S.T M.T S.Pd M.Pd S.H | gagasJex@g.com | 877362673

03-10-2025T17:05:38 - [MESSAGE][INFO] - ▶ Iterasi 2: Raden Mas Gagas Mangkubumi Mangkurat S.Kom M.Kom S.T M.T S.Pd M.Pd S.H | gagasJex@g.com | 877362673

03-10-2025T17:05:38 - [TEST_STEP][PASSED] - openBrowser(""): Browser is opened with url: ''

03-10-2025T17:05:38 - [MESSAGE][INFO] - Starting 'Chrome' driver

03-10-2025T17:05:38 - [MESSAGE][INFO] - Action delay is set to 0 milliseconds

03-10-2025T17:05:40 - [MESSAGE][PASSED] - Browser is opened with url: ''

03-10-2025T17:05:40 - [TEST_STEP][PASSED] - navigateToUrl("https://demoqa.com/automation-practice-form"): Navigate to 'https://demoqa.com/automation-practice-form' successfully

03-10-2025T17:05:45 - [MESSAGE][PASSED] - Navigate to 'https://demoqa.com/automation-practice-form' successfully

03-10-2025T17:05:45 - [TEST_STEP][PASSED] - maximizeWindow(): Current window maximized

03-10-2025T17:05:46 - [MESSAGE][PASSED] - Current window maximized

03-10-2025T17:05:46 - [TEST_STEP][PASSED] - setText(findTestObject("Page_DEMOQA/input_Name_firstName"), firstName): Text 'Raden Mas Gagas Mangkubumi Mangkurat' is set on object 'Object Repository/Page_DEMOQA/input_Name_firstName'

03-10-2025T17:05:47 - [MESSAGE][PASSED] - Text 'Raden Mas Gagas Mangkubumi Mangkurat' is set on object 'Object Repository/Page_DEMOQA/input_Name_firstName'

03-10-2025T17:05:47 - [TEST_STEP][PASSED] - setText(findTestObject("Page_DEMOQA/input_Name_lastName"), lastName): Text 'S.Kom M.Kom S.T M.T S.Pd M.Pd S.H' is set on object 'Object Repository/Page_DEMOQA/input_Name_lastName'

03-10-2025T17:05:47 - [MESSAGE][PASSED] - Text 'S.Kom M.Kom S.T M.T S.Pd M.Pd S.H' is set on object 'Object Repository/Page_DEMOQA/input_Name_lastName'

03-10-2025T17:05:47 - [TEST_STEP][PASSED] - setText(findTestObject("Page_DEMOQA/input_Email_userEmail"), email): Text 'gagasJex@g.com' is set on object 'Object Repository/Page_DEMOQA/input_Email_userEmail'

03-10-2025T17:05:48 - [MESSAGE][PASSED] - Text 'gagasJex@g.com' is set on object 'Object Repository/Page_DEMOQA/input_Email_userEmail'

03-10-2025T17:05:48 - [TEST_STEP][PASSED] - if (gender != null && trim().length() > 0): Object: '' is clicked on

03-10-2025T17:05:48 - [TEST_STEP][PASSED] - comment(Klik gender: $gender): Klik gender: Male

03-10-2025T17:05:48 - [MESSAGE][INFO] - Klik gender: Male

03-10-2025T17:05:48 - [TEST_STEP][PASSED] - genderOption = new com.kms.katalon.core.testobject.TestObject(): null

03-10-2025T17:05:48 - [TEST_STEP][PASSED] - genderOption.addProperty("xpath", EQUALS, //label[normalize-space(text())='$gender']): null

03-10-2025T17:05:48 - [TEST_STEP][PASSED] - click(genderOption): Object: '' is clicked on

03-10-2025T17:05:48 - [MESSAGE][PASSED] - Object: '' is clicked on

03-10-2025T17:05:48 - [TEST_STEP][PASSED] - setText(findTestObject("Page_DEMOQA/input_(10 Digits)_userNumber"), "0" + mobile): Text '0877362673' is set on object 'Object Repository/Page_DEMOQA/input_(10 Digits)_userNumber'

03-10-2025T17:05:49 - [MESSAGE][PASSED] - Text '0877362673' is set on object 'Object Repository/Page_DEMOQA/input_(10 Digits)_userNumber'

03-10-2025T17:05:49 - [TEST_STEP][PASSED] - if (dob && dob.trim() != ""): Object: '' is clicked on

03-10-2025T17:05:49 - [TEST_STEP][PASSED] - parts = dob.split("/"): null

03-10-2025T17:05:49 - [TEST_STEP][PASSED] - day = parts[0]: null

03-10-2025T17:05:49 - [TEST_STEP][PASSED] - month = parts[1].toInteger() - 1: null

03-10-2025T17:05:49 - [TEST_STEP][PASSED] - year = parts[2]: null

03-10-2025T17:05:49 - [TEST_STEP][PASSED] - click(findTestObject("Page_DEMOQA/input_Date of Birth_dateOfBirthInput")): Object: 'Object Repository/Page_DEMOQA/input_Date of Birth_dateOfBirthInput' is clicked on

03-10-2025T17:05:49 - [MESSAGE][PASSED] - Object: 'Object Repository/Page_DEMOQA/input_Date of Birth_dateOfBirthInput' is clicked on

03-10-2025T17:05:49 - [TEST_STEP][PASSED] - yearSelect = new com.kms.katalon.core.testobject.TestObject(): null

03-10-2025T17:05:49 - [TEST_STEP][PASSED] - yearSelect.addProperty("xpath", EQUALS, "//select[contains(@class,'react-datepicker__year-select')]"): null

03-10-2025T17:05:49 - [TEST_STEP][PASSED] - monthSelect = new com.kms.katalon.core.testobject.TestObject(): null

03-10-2025T17:05:49 - [TEST_STEP][PASSED] - monthSelect.addProperty("xpath", EQUALS, "//select[contains(@class,'react-datepicker__month-select')]"): null

03-10-2025T17:05:49 - [TEST_STEP][PASSED] - selectOptionByValue(yearSelect, year, true): All options with value '2000' are selected in object ''  using regular expression

03-10-2025T17:05:52 - [MESSAGE][PASSED] - All options with value '2000' are selected in object ''  using regular expression

03-10-2025T17:05:52 - [TEST_STEP][PASSED] - selectOptionByIndex(monthSelect, month): All options with index in [9] are selected on object ''

03-10-2025T17:05:53 - [MESSAGE][PASSED] - All options with index in [9] are selected on object ''

03-10-2025T17:05:53 - [TEST_STEP][PASSED] - dayObject = new com.kms.katalon.core.testobject.TestObject(): null

03-10-2025T17:05:53 - [TEST_STEP][PASSED] - dayObject.addProperty("xpath", EQUALS, //div[contains(@class,'react-datepicker__day') and not(contains(@class,'outside-month')) and text()='$day']): null

03-10-2025T17:05:53 - [TEST_STEP][PASSED] - click(dayObject): Object: '' is clicked on

03-10-2025T17:05:53 - [MESSAGE][PASSED] - Object: '' is clicked on

03-10-2025T17:05:53 - [TEST_STEP][PASSED] - if (subject && subject.trim() != ""): Keys 'ENTER + ' sent to object: 'Object Repository/Page_DEMOQA/input_Subjects_subjectsInput'

03-10-2025T17:05:53 - [TEST_STEP][PASSED] - setText(findTestObject("Page_DEMOQA/input_Subjects_subjectsInput"), subject): Text 'Math' is set on object 'Object Repository/Page_DEMOQA/input_Subjects_subjectsInput'

03-10-2025T17:05:54 - [MESSAGE][PASSED] - Text 'Math' is set on object 'Object Repository/Page_DEMOQA/input_Subjects_subjectsInput'

03-10-2025T17:05:54 - [TEST_STEP][PASSED] - sendKeys(findTestObject("Page_DEMOQA/input_Subjects_subjectsInput"), Keys.chord(ENTER)): Keys 'ENTER + ' sent to object: 'Object Repository/Page_DEMOQA/input_Subjects_subjectsInput'

03-10-2025T17:05:54 - [MESSAGE][PASSED] - Keys 'ENTER + ' sent to object: 'Object Repository/Page_DEMOQA/input_Subjects_subjectsInput'

03-10-2025T17:05:54 - [TEST_STEP][PASSED] - if (hobbies && hobbies.trim() != ""): Object: '' is clicked on

03-10-2025T17:05:54 - [TEST_STEP][PASSED] - hobbyOption = new com.kms.katalon.core.testobject.TestObject(): null

03-10-2025T17:05:54 - [TEST_STEP][PASSED] - hobbyOption.addProperty("xpath", EQUALS, //label[text()='$hobbies']): null

03-10-2025T17:05:54 - [TEST_STEP][PASSED] - click(hobbyOption): Object: '' is clicked on

03-10-2025T17:05:55 - [MESSAGE][PASSED] - Object: '' is clicked on

03-10-2025T17:05:55 - [TEST_STEP][PASSED] - if (picture && picture.trim() != ""): File 'C:\Users\Jexxy\Downloads\WhatsApp Image 2025-09-29 at 2.27.59 PM.jpeg' sent to object: 'Object Repository/Page_DEMOQA/input_Select picture_uploadPicture'

03-10-2025T17:05:55 - [TEST_STEP][PASSED] - comment(📂 Upload picture: $picture): 📂 Upload picture: C:\Users\Jexxy\Downloads\WhatsApp Image 2025-09-29 at 2.27.59 PM.jpeg

03-10-2025T17:05:55 - [MESSAGE][INFO] - 📂 Upload picture: C:\Users\Jexxy\Downloads\WhatsApp Image 2025-09-29 at 2.27.59 PM.jpeg

03-10-2025T17:05:55 - [TEST_STEP][PASSED] - uploadFile(findTestObject("Page_DEMOQA/input_Select picture_uploadPicture"), picture): File 'C:\Users\Jexxy\Downloads\WhatsApp Image 2025-09-29 at 2.27.59 PM.jpeg' sent to object: 'Object Repository/Page_DEMOQA/input_Select picture_uploadPicture'

03-10-2025T17:05:55 - [MESSAGE][PASSED] - File 'C:\Users\Jexxy\Downloads\WhatsApp Image 2025-09-29 at 2.27.59 PM.jpeg' sent to object: 'Object Repository/Page_DEMOQA/input_Select picture_uploadPicture'

03-10-2025T17:05:55 - [TEST_STEP][PASSED] - setText(findTestObject("Page_DEMOQA/textarea_Current Address_currentAddress"), address): Text 'Jl. Jalan' is set on object 'Object Repository/Page_DEMOQA/textarea_Current Address_currentAddress'

03-10-2025T17:05:56 - [MESSAGE][PASSED] - Text 'Jl. Jalan' is set on object 'Object Repository/Page_DEMOQA/textarea_Current Address_currentAddress'

03-10-2025T17:05:56 - [TEST_STEP][PASSED] - if (state && state.trim() != ""): Object: '' is clicked on

03-10-2025T17:05:56 - [TEST_STEP][PASSED] - click(findTestObject("Page_DEMOQA/div_Select State_css-1gtu0rj-indicatorContainer")): Object: 'Object Repository/Page_DEMOQA/div_Select State_css-1gtu0rj-indicatorContainer' is clicked on

03-10-2025T17:05:56 - [MESSAGE][PASSED] - Object: 'Object Repository/Page_DEMOQA/div_Select State_css-1gtu0rj-indicatorContainer' is clicked on

03-10-2025T17:05:56 - [TEST_STEP][PASSED] - stateOption = new com.kms.katalon.core.testobject.TestObject(): null

03-10-2025T17:05:56 - [TEST_STEP][PASSED] - stateOption.addProperty("xpath", EQUALS, //div[contains(@id,'react-select-3-option') and text()='$state']): null

03-10-2025T17:05:56 - [TEST_STEP][PASSED] - click(stateOption): Object: '' is clicked on

03-10-2025T17:05:57 - [MESSAGE][PASSED] - Object: '' is clicked on

03-10-2025T17:05:57 - [TEST_STEP][PASSED] - if (city && city.trim() != ""): Object: '' is clicked on

03-10-2025T17:05:57 - [TEST_STEP][PASSED] - click(findTestObject("Page_DEMOQA/svg_Select City_css-19bqh2r")): Object: 'Object Repository/Page_DEMOQA/svg_Select City_css-19bqh2r' is clicked on

03-10-2025T17:05:57 - [MESSAGE][PASSED] - Object: 'Object Repository/Page_DEMOQA/svg_Select City_css-19bqh2r' is clicked on

03-10-2025T17:05:57 - [TEST_STEP][PASSED] - cityOption = new com.kms.katalon.core.testobject.TestObject(): null

03-10-2025T17:05:57 - [TEST_STEP][PASSED] - cityOption.addProperty("xpath", EQUALS, //div[contains(@id,'react-select-4-option') and text()='$city']): null

03-10-2025T17:05:57 - [TEST_STEP][PASSED] - click(cityOption): Object: '' is clicked on

03-10-2025T17:05:58 - [MESSAGE][PASSED] - Object: '' is clicked on

03-10-2025T17:05:58 - [TEST_STEP][PASSED] - submitBtn = new com.kms.katalon.core.testobject.TestObject(): null

03-10-2025T17:05:58 - [TEST_STEP][PASSED] - submitBtn.addProperty("xpath", EQUALS, "//button[@id='submit']"): null

03-10-2025T17:05:58 - [TEST_STEP][PASSED] - click(submitBtn): Object: '' is clicked on

03-10-2025T17:05:59 - [MESSAGE][PASSED] - Object: '' is clicked on

03-10-2025T17:05:59 - [TEST_STEP][PASSED] - if (expected == "required" && gender == null || gender.trim() == ""): null

03-10-2025T17:05:59 - [TEST_STEP][PASSED] - else if (expected == "valid"): Object '' is visible

03-10-2025T17:05:59 - [TEST_STEP][PASSED] - popup = new com.kms.katalon.core.testobject.TestObject(): null

03-10-2025T17:05:59 - [TEST_STEP][PASSED] - popup.addProperty("xpath", EQUALS, "//div[@id='example-modal-sizes-title-lg']"): null

03-10-2025T17:05:59 - [TEST_STEP][PASSED] - verifyElementVisible(popup, CONTINUE_ON_FAILURE): Object '' is visible

03-10-2025T17:05:59 - [MESSAGE][PASSED] - Object '' is visible

03-10-2025T17:05:59 - [TEST_STEP][PASSED] - closeBrowser(): Browser is closed

03-10-2025T17:05:59 - [MESSAGE][PASSED] - Browser is closed

03-10-2025T17:05:59 - [TEST_STEP][PASSED] - firstName = data.getValue("FirstName", row): null

03-10-2025T17:05:59 - [TEST_STEP][PASSED] - lastName = data.getValue("LastName", row): null

03-10-2025T17:05:59 - [TEST_STEP][PASSED] - email = data.getValue("Email", row): null

03-10-2025T17:05:59 - [TEST_STEP][PASSED] - mobile = data.getValue("Mobile", row): null

03-10-2025T17:05:59 - [TEST_STEP][PASSED] - gender = data.getValue("Gender", row): null

03-10-2025T17:05:59 - [TEST_STEP][PASSED] - dob = data.getValue("DOB", row): null

03-10-2025T17:05:59 - [TEST_STEP][PASSED] - subject = data.getValue("Subject", row): null

03-10-2025T17:05:59 - [TEST_STEP][PASSED] - hobbies = data.getValue("Hobbies", row): null

03-10-2025T17:05:59 - [TEST_STEP][PASSED] - picture = data.getValue("Picture", row): null

03-10-2025T17:05:59 - [TEST_STEP][PASSED] - address = data.getValue("Address", row): null

03-10-2025T17:05:59 - [TEST_STEP][PASSED] - state = data.getValue("State", row): null

03-10-2025T17:05:59 - [TEST_STEP][PASSED] - city = data.getValue("City", row): null

03-10-2025T17:05:59 - [TEST_STEP][PASSED] - expected = data.getValue("Expected", row): null

03-10-2025T17:05:59 - [TEST_STEP][PASSED] - comment(▶ Iterasi $row: $firstName $lastName | $email | $mobile): ▶ Iterasi 3: Gagas Jex | gagasJex.com | 877362673

03-10-2025T17:05:59 - [MESSAGE][INFO] - ▶ Iterasi 3: Gagas Jex | gagasJex.com | 877362673

03-10-2025T17:05:59 - [TEST_STEP][PASSED] - openBrowser(""): Browser is opened with url: ''

03-10-2025T17:05:59 - [MESSAGE][INFO] - Starting 'Chrome' driver

03-10-2025T17:05:59 - [MESSAGE][INFO] - Action delay is set to 0 milliseconds

03-10-2025T17:06:00 - [MESSAGE][PASSED] - Browser is opened with url: ''

03-10-2025T17:06:00 - [TEST_STEP][PASSED] - navigateToUrl("https://demoqa.com/automation-practice-form"): Navigate to 'https://demoqa.com/automation-practice-form' successfully

03-10-2025T17:06:06 - [MESSAGE][PASSED] - Navigate to 'https://demoqa.com/automation-practice-form' successfully

03-10-2025T17:06:06 - [TEST_STEP][PASSED] - maximizeWindow(): Current window maximized

03-10-2025T17:06:06 - [MESSAGE][PASSED] - Current window maximized

03-10-2025T17:06:06 - [TEST_STEP][PASSED] - setText(findTestObject("Page_DEMOQA/input_Name_firstName"), firstName): Text 'Gagas' is set on object 'Object Repository/Page_DEMOQA/input_Name_firstName'

03-10-2025T17:06:07 - [MESSAGE][PASSED] - Text 'Gagas' is set on object 'Object Repository/Page_DEMOQA/input_Name_firstName'

03-10-2025T17:06:07 - [TEST_STEP][PASSED] - setText(findTestObject("Page_DEMOQA/input_Name_lastName"), lastName): Text 'Jex' is set on object 'Object Repository/Page_DEMOQA/input_Name_lastName'

03-10-2025T17:06:08 - [MESSAGE][PASSED] - Text 'Jex' is set on object 'Object Repository/Page_DEMOQA/input_Name_lastName'

03-10-2025T17:06:08 - [TEST_STEP][PASSED] - setText(findTestObject("Page_DEMOQA/input_Email_userEmail"), email): Text 'gagasJex.com' is set on object 'Object Repository/Page_DEMOQA/input_Email_userEmail'

03-10-2025T17:06:09 - [MESSAGE][PASSED] - Text 'gagasJex.com' is set on object 'Object Repository/Page_DEMOQA/input_Email_userEmail'

03-10-2025T17:06:09 - [TEST_STEP][PASSED] - if (gender != null && trim().length() > 0): Object: '' is clicked on

03-10-2025T17:06:09 - [TEST_STEP][PASSED] - comment(Klik gender: $gender): Klik gender: Male

03-10-2025T17:06:09 - [MESSAGE][INFO] - Klik gender: Male

03-10-2025T17:06:09 - [TEST_STEP][PASSED] - genderOption = new com.kms.katalon.core.testobject.TestObject(): null

03-10-2025T17:06:09 - [TEST_STEP][PASSED] - genderOption.addProperty("xpath", EQUALS, //label[normalize-space(text())='$gender']): null

03-10-2025T17:06:09 - [TEST_STEP][PASSED] - click(genderOption): Object: '' is clicked on

03-10-2025T17:06:09 - [MESSAGE][PASSED] - Object: '' is clicked on

03-10-2025T17:06:09 - [TEST_STEP][PASSED] - setText(findTestObject("Page_DEMOQA/input_(10 Digits)_userNumber"), "0" + mobile): Text '0877362673' is set on object 'Object Repository/Page_DEMOQA/input_(10 Digits)_userNumber'

03-10-2025T17:06:10 - [MESSAGE][PASSED] - Text '0877362673' is set on object 'Object Repository/Page_DEMOQA/input_(10 Digits)_userNumber'

03-10-2025T17:06:10 - [TEST_STEP][PASSED] - if (dob && dob.trim() != ""): Object: '' is clicked on

03-10-2025T17:06:10 - [TEST_STEP][PASSED] - parts = dob.split("/"): null

03-10-2025T17:06:10 - [TEST_STEP][PASSED] - day = parts[0]: null

03-10-2025T17:06:10 - [TEST_STEP][PASSED] - month = parts[1].toInteger() - 1: null

03-10-2025T17:06:10 - [TEST_STEP][PASSED] - year = parts[2]: null

03-10-2025T17:06:10 - [TEST_STEP][PASSED] - click(findTestObject("Page_DEMOQA/input_Date of Birth_dateOfBirthInput")): Object: 'Object Repository/Page_DEMOQA/input_Date of Birth_dateOfBirthInput' is clicked on

03-10-2025T17:06:10 - [MESSAGE][PASSED] - Object: 'Object Repository/Page_DEMOQA/input_Date of Birth_dateOfBirthInput' is clicked on

03-10-2025T17:06:10 - [TEST_STEP][PASSED] - yearSelect = new com.kms.katalon.core.testobject.TestObject(): null

03-10-2025T17:06:10 - [TEST_STEP][PASSED] - yearSelect.addProperty("xpath", EQUALS, "//select[contains(@class,'react-datepicker__year-select')]"): null

03-10-2025T17:06:10 - [TEST_STEP][PASSED] - monthSelect = new com.kms.katalon.core.testobject.TestObject(): null

03-10-2025T17:06:10 - [TEST_STEP][PASSED] - monthSelect.addProperty("xpath", EQUALS, "//select[contains(@class,'react-datepicker__month-select')]"): null

03-10-2025T17:06:10 - [TEST_STEP][PASSED] - selectOptionByValue(yearSelect, year, true): All options with value '2000' are selected in object ''  using regular expression

03-10-2025T17:06:12 - [MESSAGE][PASSED] - All options with value '2000' are selected in object ''  using regular expression

03-10-2025T17:06:12 - [TEST_STEP][PASSED] - selectOptionByIndex(monthSelect, month): All options with index in [9] are selected on object ''

03-10-2025T17:06:13 - [MESSAGE][PASSED] - All options with index in [9] are selected on object ''

03-10-2025T17:06:13 - [TEST_STEP][PASSED] - dayObject = new com.kms.katalon.core.testobject.TestObject(): null

03-10-2025T17:06:13 - [TEST_STEP][PASSED] - dayObject.addProperty("xpath", EQUALS, //div[contains(@class,'react-datepicker__day') and not(contains(@class,'outside-month')) and text()='$day']): null

03-10-2025T17:06:13 - [TEST_STEP][PASSED] - click(dayObject): Object: '' is clicked on

03-10-2025T17:06:14 - [MESSAGE][PASSED] - Object: '' is clicked on

03-10-2025T17:06:14 - [TEST_STEP][PASSED] - if (subject && subject.trim() != ""): Keys 'ENTER + ' sent to object: 'Object Repository/Page_DEMOQA/input_Subjects_subjectsInput'

03-10-2025T17:06:14 - [TEST_STEP][PASSED] - setText(findTestObject("Page_DEMOQA/input_Subjects_subjectsInput"), subject): Text 'Math' is set on object 'Object Repository/Page_DEMOQA/input_Subjects_subjectsInput'

03-10-2025T17:06:14 - [MESSAGE][PASSED] - Text 'Math' is set on object 'Object Repository/Page_DEMOQA/input_Subjects_subjectsInput'

03-10-2025T17:06:14 - [TEST_STEP][PASSED] - sendKeys(findTestObject("Page_DEMOQA/input_Subjects_subjectsInput"), Keys.chord(ENTER)): Keys 'ENTER + ' sent to object: 'Object Repository/Page_DEMOQA/input_Subjects_subjectsInput'

03-10-2025T17:06:15 - [MESSAGE][PASSED] - Keys 'ENTER + ' sent to object: 'Object Repository/Page_DEMOQA/input_Subjects_subjectsInput'

03-10-2025T17:06:15 - [TEST_STEP][PASSED] - if (hobbies && hobbies.trim() != ""): Object: '' is clicked on

03-10-2025T17:06:15 - [TEST_STEP][PASSED] - hobbyOption = new com.kms.katalon.core.testobject.TestObject(): null

03-10-2025T17:06:15 - [TEST_STEP][PASSED] - hobbyOption.addProperty("xpath", EQUALS, //label[text()='$hobbies']): null

03-10-2025T17:06:15 - [TEST_STEP][PASSED] - click(hobbyOption): Object: '' is clicked on

03-10-2025T17:06:16 - [MESSAGE][PASSED] - Object: '' is clicked on

03-10-2025T17:06:16 - [TEST_STEP][PASSED] - if (picture && picture.trim() != ""): File 'C:\Users\Jexxy\Downloads\WhatsApp Image 2025-09-29 at 2.27.59 PM.jpeg' sent to object: 'Object Repository/Page_DEMOQA/input_Select picture_uploadPicture'

03-10-2025T17:06:16 - [TEST_STEP][PASSED] - comment(📂 Upload picture: $picture): 📂 Upload picture: C:\Users\Jexxy\Downloads\WhatsApp Image 2025-09-29 at 2.27.59 PM.jpeg

03-10-2025T17:06:16 - [MESSAGE][INFO] - 📂 Upload picture: C:\Users\Jexxy\Downloads\WhatsApp Image 2025-09-29 at 2.27.59 PM.jpeg

03-10-2025T17:06:16 - [TEST_STEP][PASSED] - uploadFile(findTestObject("Page_DEMOQA/input_Select picture_uploadPicture"), picture): File 'C:\Users\Jexxy\Downloads\WhatsApp Image 2025-09-29 at 2.27.59 PM.jpeg' sent to object: 'Object Repository/Page_DEMOQA/input_Select picture_uploadPicture'

03-10-2025T17:06:16 - [MESSAGE][PASSED] - File 'C:\Users\Jexxy\Downloads\WhatsApp Image 2025-09-29 at 2.27.59 PM.jpeg' sent to object: 'Object Repository/Page_DEMOQA/input_Select picture_uploadPicture'

03-10-2025T17:06:16 - [TEST_STEP][PASSED] - setText(findTestObject("Page_DEMOQA/textarea_Current Address_currentAddress"), address): Text 'Jl. Jalan' is set on object 'Object Repository/Page_DEMOQA/textarea_Current Address_currentAddress'

03-10-2025T17:06:17 - [MESSAGE][PASSED] - Text 'Jl. Jalan' is set on object 'Object Repository/Page_DEMOQA/textarea_Current Address_currentAddress'

03-10-2025T17:06:17 - [TEST_STEP][PASSED] - if (state && state.trim() != ""): Object: '' is clicked on

03-10-2025T17:06:17 - [TEST_STEP][PASSED] - click(findTestObject("Page_DEMOQA/div_Select State_css-1gtu0rj-indicatorContainer")): Object: 'Object Repository/Page_DEMOQA/div_Select State_css-1gtu0rj-indicatorContainer' is clicked on

03-10-2025T17:06:17 - [MESSAGE][PASSED] - Object: 'Object Repository/Page_DEMOQA/div_Select State_css-1gtu0rj-indicatorContainer' is clicked on

03-10-2025T17:06:17 - [TEST_STEP][PASSED] - stateOption = new com.kms.katalon.core.testobject.TestObject(): null

03-10-2025T17:06:17 - [TEST_STEP][PASSED] - stateOption.addProperty("xpath", EQUALS, //div[contains(@id,'react-select-3-option') and text()='$state']): null

03-10-2025T17:06:17 - [TEST_STEP][PASSED] - click(stateOption): Object: '' is clicked on

03-10-2025T17:06:17 - [MESSAGE][PASSED] - Object: '' is clicked on

03-10-2025T17:06:17 - [TEST_STEP][PASSED] - if (city && city.trim() != ""): Object: '' is clicked on

03-10-2025T17:06:17 - [TEST_STEP][PASSED] - click(findTestObject("Page_DEMOQA/svg_Select City_css-19bqh2r")): Object: 'Object Repository/Page_DEMOQA/svg_Select City_css-19bqh2r' is clicked on

03-10-2025T17:06:18 - [MESSAGE][PASSED] - Object: 'Object Repository/Page_DEMOQA/svg_Select City_css-19bqh2r' is clicked on

03-10-2025T17:06:18 - [TEST_STEP][PASSED] - cityOption = new com.kms.katalon.core.testobject.TestObject(): null

03-10-2025T17:06:18 - [TEST_STEP][PASSED] - cityOption.addProperty("xpath", EQUALS, //div[contains(@id,'react-select-4-option') and text()='$city']): null

03-10-2025T17:06:18 - [TEST_STEP][PASSED] - click(cityOption): Object: '' is clicked on

03-10-2025T17:06:19 - [MESSAGE][PASSED] - Object: '' is clicked on

03-10-2025T17:06:19 - [TEST_STEP][PASSED] - submitBtn = new com.kms.katalon.core.testobject.TestObject(): null

03-10-2025T17:06:19 - [TEST_STEP][PASSED] - submitBtn.addProperty("xpath", EQUALS, "//button[@id='submit']"): null

03-10-2025T17:06:19 - [TEST_STEP][PASSED] - click(submitBtn): Object: '' is clicked on

03-10-2025T17:06:19 - [MESSAGE][PASSED] - Object: '' is clicked on

03-10-2025T17:06:19 - [TEST_STEP][PASSED] - if (expected == "required" && gender == null || gender.trim() == ""): null

03-10-2025T17:06:19 - [TEST_STEP][PASSED] - else if (expected == "valid"): null

03-10-2025T17:06:19 - [TEST_STEP][PASSED] - else if (expected == "required"): null

03-10-2025T17:06:19 - [TEST_STEP][PASSED] - else if (expected == "email_invalid"): null

03-10-2025T17:06:19 - [TEST_STEP][PASSED] - isValid = executeJavaScript("return document.getElementById('userEmail').checkValidity();", []): Execute JavaScript 'return document.getElementById('userEmail').checkValidity();' successfully

03-10-2025T17:06:19 - [MESSAGE][PASSED] - Execute JavaScript 'return document.getElementById('userEmail').checkValidity();' successfully

03-10-2025T17:06:19 - [TEST_STEP][PASSED] - assert isValid == false: null

03-10-2025T17:06:19 - [TEST_STEP][PASSED] - closeBrowser(): Browser is closed

03-10-2025T17:06:20 - [MESSAGE][PASSED] - Browser is closed

03-10-2025T17:06:20 - [TEST_STEP][PASSED] - firstName = data.getValue("FirstName", row): null

03-10-2025T17:06:20 - [TEST_STEP][PASSED] - lastName = data.getValue("LastName", row): null

03-10-2025T17:06:20 - [TEST_STEP][PASSED] - email = data.getValue("Email", row): null

03-10-2025T17:06:20 - [TEST_STEP][PASSED] - mobile = data.getValue("Mobile", row): null

03-10-2025T17:06:20 - [TEST_STEP][PASSED] - gender = data.getValue("Gender", row): null

03-10-2025T17:06:20 - [TEST_STEP][PASSED] - dob = data.getValue("DOB", row): null

03-10-2025T17:06:20 - [TEST_STEP][PASSED] - subject = data.getValue("Subject", row): null

03-10-2025T17:06:20 - [TEST_STEP][PASSED] - hobbies = data.getValue("Hobbies", row): null

03-10-2025T17:06:20 - [TEST_STEP][PASSED] - picture = data.getValue("Picture", row): null

03-10-2025T17:06:20 - [TEST_STEP][PASSED] - address = data.getValue("Address", row): null

03-10-2025T17:06:20 - [TEST_STEP][PASSED] - state = data.getValue("State", row): null

03-10-2025T17:06:20 - [TEST_STEP][PASSED] - city = data.getValue("City", row): null

03-10-2025T17:06:20 - [TEST_STEP][PASSED] - expected = data.getValue("Expected", row): null

03-10-2025T17:06:20 - [TEST_STEP][PASSED] - comment(▶ Iterasi $row: $firstName $lastName | $email | $mobile): ▶ Iterasi 4: Gagas Jex | gagasJex@g.com | 12345

03-10-2025T17:06:20 - [MESSAGE][INFO] - ▶ Iterasi 4: Gagas Jex | gagasJex@g.com | 12345

03-10-2025T17:06:20 - [TEST_STEP][PASSED] - openBrowser(""): Browser is opened with url: ''

03-10-2025T17:06:20 - [MESSAGE][INFO] - Starting 'Chrome' driver

03-10-2025T17:06:20 - [MESSAGE][INFO] - Action delay is set to 0 milliseconds

03-10-2025T17:06:20 - [MESSAGE][PASSED] - Browser is opened with url: ''

03-10-2025T17:06:20 - [TEST_STEP][PASSED] - navigateToUrl("https://demoqa.com/automation-practice-form"): Navigate to 'https://demoqa.com/automation-practice-form' successfully

03-10-2025T17:06:27 - [MESSAGE][PASSED] - Navigate to 'https://demoqa.com/automation-practice-form' successfully

03-10-2025T17:06:27 - [TEST_STEP][PASSED] - maximizeWindow(): Current window maximized

03-10-2025T17:06:27 - [MESSAGE][PASSED] - Current window maximized

03-10-2025T17:06:27 - [TEST_STEP][PASSED] - setText(findTestObject("Page_DEMOQA/input_Name_firstName"), firstName): Text 'Gagas' is set on object 'Object Repository/Page_DEMOQA/input_Name_firstName'

03-10-2025T17:06:28 - [MESSAGE][PASSED] - Text 'Gagas' is set on object 'Object Repository/Page_DEMOQA/input_Name_firstName'

03-10-2025T17:06:28 - [TEST_STEP][PASSED] - setText(findTestObject("Page_DEMOQA/input_Name_lastName"), lastName): Text 'Jex' is set on object 'Object Repository/Page_DEMOQA/input_Name_lastName'

03-10-2025T17:06:29 - [MESSAGE][PASSED] - Text 'Jex' is set on object 'Object Repository/Page_DEMOQA/input_Name_lastName'

03-10-2025T17:06:29 - [TEST_STEP][PASSED] - setText(findTestObject("Page_DEMOQA/input_Email_userEmail"), email): Text 'gagasJex@g.com' is set on object 'Object Repository/Page_DEMOQA/input_Email_userEmail'

03-10-2025T17:06:30 - [MESSAGE][PASSED] - Text 'gagasJex@g.com' is set on object 'Object Repository/Page_DEMOQA/input_Email_userEmail'

03-10-2025T17:06:30 - [TEST_STEP][PASSED] - if (gender != null && trim().length() > 0): Object: '' is clicked on

03-10-2025T17:06:30 - [TEST_STEP][PASSED] - comment(Klik gender: $gender): Klik gender: Male

03-10-2025T17:06:30 - [MESSAGE][INFO] - Klik gender: Male

03-10-2025T17:06:30 - [TEST_STEP][PASSED] - genderOption = new com.kms.katalon.core.testobject.TestObject(): null

03-10-2025T17:06:30 - [TEST_STEP][PASSED] - genderOption.addProperty("xpath", EQUALS, //label[normalize-space(text())='$gender']): null

03-10-2025T17:06:30 - [TEST_STEP][PASSED] - click(genderOption): Object: '' is clicked on

03-10-2025T17:06:30 - [MESSAGE][PASSED] - Object: '' is clicked on

03-10-2025T17:06:30 - [TEST_STEP][PASSED] - setText(findTestObject("Page_DEMOQA/input_(10 Digits)_userNumber"), "0" + mobile): Text '012345' is set on object 'Object Repository/Page_DEMOQA/input_(10 Digits)_userNumber'

03-10-2025T17:06:31 - [MESSAGE][PASSED] - Text '012345' is set on object 'Object Repository/Page_DEMOQA/input_(10 Digits)_userNumber'

03-10-2025T17:06:31 - [TEST_STEP][PASSED] - if (dob && dob.trim() != ""): Object: '' is clicked on

03-10-2025T17:06:31 - [TEST_STEP][PASSED] - parts = dob.split("/"): null

03-10-2025T17:06:31 - [TEST_STEP][PASSED] - day = parts[0]: null

03-10-2025T17:06:31 - [TEST_STEP][PASSED] - month = parts[1].toInteger() - 1: null

03-10-2025T17:06:31 - [TEST_STEP][PASSED] - year = parts[2]: null

03-10-2025T17:06:31 - [TEST_STEP][PASSED] - click(findTestObject("Page_DEMOQA/input_Date of Birth_dateOfBirthInput")): Object: 'Object Repository/Page_DEMOQA/input_Date of Birth_dateOfBirthInput' is clicked on

03-10-2025T17:06:31 - [MESSAGE][PASSED] - Object: 'Object Repository/Page_DEMOQA/input_Date of Birth_dateOfBirthInput' is clicked on

03-10-2025T17:06:31 - [TEST_STEP][PASSED] - yearSelect = new com.kms.katalon.core.testobject.TestObject(): null

03-10-2025T17:06:31 - [TEST_STEP][PASSED] - yearSelect.addProperty("xpath", EQUALS, "//select[contains(@class,'react-datepicker__year-select')]"): null

03-10-2025T17:06:31 - [TEST_STEP][PASSED] - monthSelect = new com.kms.katalon.core.testobject.TestObject(): null

03-10-2025T17:06:31 - [TEST_STEP][PASSED] - monthSelect.addProperty("xpath", EQUALS, "//select[contains(@class,'react-datepicker__month-select')]"): null

03-10-2025T17:06:31 - [TEST_STEP][PASSED] - selectOptionByValue(yearSelect, year, true): All options with value '2000' are selected in object ''  using regular expression

03-10-2025T17:06:34 - [MESSAGE][PASSED] - All options with value '2000' are selected in object ''  using regular expression

03-10-2025T17:06:34 - [TEST_STEP][PASSED] - selectOptionByIndex(monthSelect, month): All options with index in [9] are selected on object ''

03-10-2025T17:06:35 - [MESSAGE][PASSED] - All options with index in [9] are selected on object ''

03-10-2025T17:06:35 - [TEST_STEP][PASSED] - dayObject = new com.kms.katalon.core.testobject.TestObject(): null

03-10-2025T17:06:35 - [TEST_STEP][PASSED] - dayObject.addProperty("xpath", EQUALS, //div[contains(@class,'react-datepicker__day') and not(contains(@class,'outside-month')) and text()='$day']): null

03-10-2025T17:06:35 - [TEST_STEP][PASSED] - click(dayObject): Object: '' is clicked on

03-10-2025T17:06:35 - [MESSAGE][PASSED] - Object: '' is clicked on

03-10-2025T17:06:35 - [TEST_STEP][PASSED] - if (subject && subject.trim() != ""): Keys 'ENTER + ' sent to object: 'Object Repository/Page_DEMOQA/input_Subjects_subjectsInput'

03-10-2025T17:06:35 - [TEST_STEP][PASSED] - setText(findTestObject("Page_DEMOQA/input_Subjects_subjectsInput"), subject): Text 'Math' is set on object 'Object Repository/Page_DEMOQA/input_Subjects_subjectsInput'

03-10-2025T17:06:36 - [MESSAGE][PASSED] - Text 'Math' is set on object 'Object Repository/Page_DEMOQA/input_Subjects_subjectsInput'

03-10-2025T17:06:36 - [TEST_STEP][PASSED] - sendKeys(findTestObject("Page_DEMOQA/input_Subjects_subjectsInput"), Keys.chord(ENTER)): Keys 'ENTER + ' sent to object: 'Object Repository/Page_DEMOQA/input_Subjects_subjectsInput'

03-10-2025T17:06:36 - [MESSAGE][PASSED] - Keys 'ENTER + ' sent to object: 'Object Repository/Page_DEMOQA/input_Subjects_subjectsInput'

03-10-2025T17:06:36 - [TEST_STEP][PASSED] - if (hobbies && hobbies.trim() != ""): Object: '' is clicked on

03-10-2025T17:06:36 - [TEST_STEP][PASSED] - hobbyOption = new com.kms.katalon.core.testobject.TestObject(): null

03-10-2025T17:06:36 - [TEST_STEP][PASSED] - hobbyOption.addProperty("xpath", EQUALS, //label[text()='$hobbies']): null

03-10-2025T17:06:36 - [TEST_STEP][PASSED] - click(hobbyOption): Object: '' is clicked on

03-10-2025T17:06:37 - [MESSAGE][PASSED] - Object: '' is clicked on

03-10-2025T17:06:37 - [TEST_STEP][PASSED] - if (picture && picture.trim() != ""): File 'C:\Users\Jexxy\Downloads\WhatsApp Image 2025-09-29 at 2.27.59 PM.jpeg' sent to object: 'Object Repository/Page_DEMOQA/input_Select picture_uploadPicture'

03-10-2025T17:06:37 - [TEST_STEP][PASSED] - comment(📂 Upload picture: $picture): 📂 Upload picture: C:\Users\Jexxy\Downloads\WhatsApp Image 2025-09-29 at 2.27.59 PM.jpeg

03-10-2025T17:06:37 - [MESSAGE][INFO] - 📂 Upload picture: C:\Users\Jexxy\Downloads\WhatsApp Image 2025-09-29 at 2.27.59 PM.jpeg

03-10-2025T17:06:37 - [TEST_STEP][PASSED] - uploadFile(findTestObject("Page_DEMOQA/input_Select picture_uploadPicture"), picture): File 'C:\Users\Jexxy\Downloads\WhatsApp Image 2025-09-29 at 2.27.59 PM.jpeg' sent to object: 'Object Repository/Page_DEMOQA/input_Select picture_uploadPicture'

03-10-2025T17:06:37 - [MESSAGE][PASSED] - File 'C:\Users\Jexxy\Downloads\WhatsApp Image 2025-09-29 at 2.27.59 PM.jpeg' sent to object: 'Object Repository/Page_DEMOQA/input_Select picture_uploadPicture'

03-10-2025T17:06:37 - [TEST_STEP][PASSED] - setText(findTestObject("Page_DEMOQA/textarea_Current Address_currentAddress"), address): Text 'Jl. Jalan' is set on object 'Object Repository/Page_DEMOQA/textarea_Current Address_currentAddress'

03-10-2025T17:06:38 - [MESSAGE][PASSED] - Text 'Jl. Jalan' is set on object 'Object Repository/Page_DEMOQA/textarea_Current Address_currentAddress'

03-10-2025T17:06:38 - [TEST_STEP][PASSED] - if (state && state.trim() != ""): Object: '' is clicked on

03-10-2025T17:06:38 - [TEST_STEP][PASSED] - click(findTestObject("Page_DEMOQA/div_Select State_css-1gtu0rj-indicatorContainer")): Object: 'Object Repository/Page_DEMOQA/div_Select State_css-1gtu0rj-indicatorContainer' is clicked on

03-10-2025T17:06:38 - [MESSAGE][PASSED] - Object: 'Object Repository/Page_DEMOQA/div_Select State_css-1gtu0rj-indicatorContainer' is clicked on

03-10-2025T17:06:38 - [TEST_STEP][PASSED] - stateOption = new com.kms.katalon.core.testobject.TestObject(): null

03-10-2025T17:06:38 - [TEST_STEP][PASSED] - stateOption.addProperty("xpath", EQUALS, //div[contains(@id,'react-select-3-option') and text()='$state']): null

03-10-2025T17:06:38 - [TEST_STEP][PASSED] - click(stateOption): Object: '' is clicked on

03-10-2025T17:06:39 - [MESSAGE][PASSED] - Object: '' is clicked on

03-10-2025T17:06:39 - [TEST_STEP][PASSED] - if (city && city.trim() != ""): Object: '' is clicked on

03-10-2025T17:06:39 - [TEST_STEP][PASSED] - click(findTestObject("Page_DEMOQA/svg_Select City_css-19bqh2r")): Object: 'Object Repository/Page_DEMOQA/svg_Select City_css-19bqh2r' is clicked on

03-10-2025T17:06:40 - [MESSAGE][PASSED] - Object: 'Object Repository/Page_DEMOQA/svg_Select City_css-19bqh2r' is clicked on

03-10-2025T17:06:40 - [TEST_STEP][PASSED] - cityOption = new com.kms.katalon.core.testobject.TestObject(): null

03-10-2025T17:06:40 - [TEST_STEP][PASSED] - cityOption.addProperty("xpath", EQUALS, //div[contains(@id,'react-select-4-option') and text()='$city']): null

03-10-2025T17:06:40 - [TEST_STEP][PASSED] - click(cityOption): Object: '' is clicked on

03-10-2025T17:06:40 - [MESSAGE][PASSED] - Object: '' is clicked on

03-10-2025T17:06:40 - [TEST_STEP][PASSED] - submitBtn = new com.kms.katalon.core.testobject.TestObject(): null

03-10-2025T17:06:40 - [TEST_STEP][PASSED] - submitBtn.addProperty("xpath", EQUALS, "//button[@id='submit']"): null

03-10-2025T17:06:40 - [TEST_STEP][PASSED] - click(submitBtn): Object: '' is clicked on

03-10-2025T17:06:41 - [MESSAGE][PASSED] - Object: '' is clicked on

03-10-2025T17:06:41 - [TEST_STEP][PASSED] - if (expected == "required" && gender == null || gender.trim() == ""): null

03-10-2025T17:06:41 - [TEST_STEP][PASSED] - else if (expected == "valid"): null

03-10-2025T17:06:41 - [TEST_STEP][PASSED] - else if (expected == "required"): null

03-10-2025T17:06:41 - [TEST_STEP][PASSED] - else if (expected == "email_invalid"): null

03-10-2025T17:06:41 - [TEST_STEP][PASSED] - else if (expected == "mobile_invalid"): null

03-10-2025T17:06:41 - [TEST_STEP][PASSED] - isValid = executeJavaScript("return document.getElementById('userNumber').checkValidity();", []): Execute JavaScript 'return document.getElementById('userNumber').checkValidity();' successfully

03-10-2025T17:06:41 - [MESSAGE][PASSED] - Execute JavaScript 'return document.getElementById('userNumber').checkValidity();' successfully

03-10-2025T17:06:41 - [TEST_STEP][PASSED] - assert isValid == false: null

03-10-2025T17:06:41 - [TEST_STEP][PASSED] - closeBrowser(): Browser is closed

03-10-2025T17:06:41 - [MESSAGE][PASSED] - Browser is closed

03-10-2025T17:06:41 - [TEST_STEP][PASSED] - firstName = data.getValue("FirstName", row): null

03-10-2025T17:06:41 - [TEST_STEP][PASSED] - lastName = data.getValue("LastName", row): null

03-10-2025T17:06:41 - [TEST_STEP][PASSED] - email = data.getValue("Email", row): null

03-10-2025T17:06:41 - [TEST_STEP][PASSED] - mobile = data.getValue("Mobile", row): null

03-10-2025T17:06:41 - [TEST_STEP][PASSED] - gender = data.getValue("Gender", row): null

03-10-2025T17:06:41 - [TEST_STEP][PASSED] - dob = data.getValue("DOB", row): null

03-10-2025T17:06:41 - [TEST_STEP][PASSED] - subject = data.getValue("Subject", row): null

03-10-2025T17:06:41 - [TEST_STEP][PASSED] - hobbies = data.getValue("Hobbies", row): null

03-10-2025T17:06:41 - [TEST_STEP][PASSED] - picture = data.getValue("Picture", row): null

03-10-2025T17:06:41 - [TEST_STEP][PASSED] - address = data.getValue("Address", row): null

03-10-2025T17:06:41 - [TEST_STEP][PASSED] - state = data.getValue("State", row): null

03-10-2025T17:06:41 - [TEST_STEP][PASSED] - city = data.getValue("City", row): null

03-10-2025T17:06:41 - [TEST_STEP][PASSED] - expected = data.getValue("Expected", row): null

03-10-2025T17:06:41 - [TEST_STEP][PASSED] - comment(▶ Iterasi $row: $firstName $lastName | $email | $mobile): ▶ Iterasi 5: Gagas Jex | gagasJex@g.com | 877362673

03-10-2025T17:06:41 - [MESSAGE][INFO] - ▶ Iterasi 5: Gagas Jex | gagasJex@g.com | 877362673

03-10-2025T17:06:41 - [TEST_STEP][PASSED] - openBrowser(""): Browser is opened with url: ''

03-10-2025T17:06:41 - [MESSAGE][INFO] - Starting 'Chrome' driver

03-10-2025T17:06:41 - [MESSAGE][INFO] - Action delay is set to 0 milliseconds

03-10-2025T17:06:42 - [MESSAGE][PASSED] - Browser is opened with url: ''

03-10-2025T17:06:42 - [TEST_STEP][PASSED] - navigateToUrl("https://demoqa.com/automation-practice-form"): Navigate to 'https://demoqa.com/automation-practice-form' successfully

03-10-2025T17:06:47 - [MESSAGE][PASSED] - Navigate to 'https://demoqa.com/automation-practice-form' successfully

03-10-2025T17:06:47 - [TEST_STEP][PASSED] - maximizeWindow(): Current window maximized

03-10-2025T17:06:47 - [MESSAGE][PASSED] - Current window maximized

03-10-2025T17:06:47 - [TEST_STEP][PASSED] - setText(findTestObject("Page_DEMOQA/input_Name_firstName"), firstName): Text 'Gagas' is set on object 'Object Repository/Page_DEMOQA/input_Name_firstName'

03-10-2025T17:06:49 - [MESSAGE][PASSED] - Text 'Gagas' is set on object 'Object Repository/Page_DEMOQA/input_Name_firstName'

03-10-2025T17:06:49 - [TEST_STEP][PASSED] - setText(findTestObject("Page_DEMOQA/input_Name_lastName"), lastName): Text 'Jex' is set on object 'Object Repository/Page_DEMOQA/input_Name_lastName'

03-10-2025T17:06:50 - [MESSAGE][PASSED] - Text 'Jex' is set on object 'Object Repository/Page_DEMOQA/input_Name_lastName'

03-10-2025T17:06:50 - [TEST_STEP][PASSED] - setText(findTestObject("Page_DEMOQA/input_Email_userEmail"), email): Text 'gagasJex@g.com' is set on object 'Object Repository/Page_DEMOQA/input_Email_userEmail'

03-10-2025T17:06:50 - [MESSAGE][PASSED] - Text 'gagasJex@g.com' is set on object 'Object Repository/Page_DEMOQA/input_Email_userEmail'

03-10-2025T17:06:50 - [TEST_STEP][PASSED] - if (gender != null && trim().length() > 0): null

03-10-2025T17:06:50 - [TEST_STEP][PASSED] - else: ⚠ Gender kosong → tidak dipilih

03-10-2025T17:06:50 - [TEST_STEP][PASSED] - comment("⚠ Gender kosong → tidak dipilih"): ⚠ Gender kosong → tidak dipilih

03-10-2025T17:06:50 - [MESSAGE][INFO] - ⚠ Gender kosong → tidak dipilih

03-10-2025T17:06:50 - [TEST_STEP][PASSED] - setText(findTestObject("Page_DEMOQA/input_(10 Digits)_userNumber"), "0" + mobile): Text '0877362673' is set on object 'Object Repository/Page_DEMOQA/input_(10 Digits)_userNumber'

03-10-2025T17:06:51 - [MESSAGE][PASSED] - Text '0877362673' is set on object 'Object Repository/Page_DEMOQA/input_(10 Digits)_userNumber'

03-10-2025T17:06:51 - [TEST_STEP][PASSED] - if (dob && dob.trim() != ""): Object: '' is clicked on

03-10-2025T17:06:51 - [TEST_STEP][PASSED] - parts = dob.split("/"): null

03-10-2025T17:06:51 - [TEST_STEP][PASSED] - day = parts[0]: null

03-10-2025T17:06:51 - [TEST_STEP][PASSED] - month = parts[1].toInteger() - 1: null

03-10-2025T17:06:51 - [TEST_STEP][PASSED] - year = parts[2]: null

03-10-2025T17:06:51 - [TEST_STEP][PASSED] - click(findTestObject("Page_DEMOQA/input_Date of Birth_dateOfBirthInput")): Object: 'Object Repository/Page_DEMOQA/input_Date of Birth_dateOfBirthInput' is clicked on

03-10-2025T17:06:51 - [MESSAGE][PASSED] - Object: 'Object Repository/Page_DEMOQA/input_Date of Birth_dateOfBirthInput' is clicked on

03-10-2025T17:06:51 - [TEST_STEP][PASSED] - yearSelect = new com.kms.katalon.core.testobject.TestObject(): null

03-10-2025T17:06:51 - [TEST_STEP][PASSED] - yearSelect.addProperty("xpath", EQUALS, "//select[contains(@class,'react-datepicker__year-select')]"): null

03-10-2025T17:06:51 - [TEST_STEP][PASSED] - monthSelect = new com.kms.katalon.core.testobject.TestObject(): null

03-10-2025T17:06:51 - [TEST_STEP][PASSED] - monthSelect.addProperty("xpath", EQUALS, "//select[contains(@class,'react-datepicker__month-select')]"): null

03-10-2025T17:06:51 - [TEST_STEP][PASSED] - selectOptionByValue(yearSelect, year, true): All options with value '2000' are selected in object ''  using regular expression

03-10-2025T17:06:54 - [MESSAGE][PASSED] - All options with value '2000' are selected in object ''  using regular expression

03-10-2025T17:06:54 - [TEST_STEP][PASSED] - selectOptionByIndex(monthSelect, month): All options with index in [9] are selected on object ''

03-10-2025T17:06:55 - [MESSAGE][PASSED] - All options with index in [9] are selected on object ''

03-10-2025T17:06:55 - [TEST_STEP][PASSED] - dayObject = new com.kms.katalon.core.testobject.TestObject(): null

03-10-2025T17:06:55 - [TEST_STEP][PASSED] - dayObject.addProperty("xpath", EQUALS, //div[contains(@class,'react-datepicker__day') and not(contains(@class,'outside-month')) and text()='$day']): null

03-10-2025T17:06:55 - [TEST_STEP][PASSED] - click(dayObject): Object: '' is clicked on

03-10-2025T17:06:55 - [MESSAGE][PASSED] - Object: '' is clicked on

03-10-2025T17:06:55 - [TEST_STEP][PASSED] - if (subject && subject.trim() != ""): Keys 'ENTER + ' sent to object: 'Object Repository/Page_DEMOQA/input_Subjects_subjectsInput'

03-10-2025T17:06:55 - [TEST_STEP][PASSED] - setText(findTestObject("Page_DEMOQA/input_Subjects_subjectsInput"), subject): Text 'Math' is set on object 'Object Repository/Page_DEMOQA/input_Subjects_subjectsInput'

03-10-2025T17:06:56 - [MESSAGE][PASSED] - Text 'Math' is set on object 'Object Repository/Page_DEMOQA/input_Subjects_subjectsInput'

03-10-2025T17:06:56 - [TEST_STEP][PASSED] - sendKeys(findTestObject("Page_DEMOQA/input_Subjects_subjectsInput"), Keys.chord(ENTER)): Keys 'ENTER + ' sent to object: 'Object Repository/Page_DEMOQA/input_Subjects_subjectsInput'

03-10-2025T17:06:56 - [MESSAGE][PASSED] - Keys 'ENTER + ' sent to object: 'Object Repository/Page_DEMOQA/input_Subjects_subjectsInput'

03-10-2025T17:06:56 - [TEST_STEP][PASSED] - if (hobbies && hobbies.trim() != ""): Object: '' is clicked on

03-10-2025T17:06:56 - [TEST_STEP][PASSED] - hobbyOption = new com.kms.katalon.core.testobject.TestObject(): null

03-10-2025T17:06:56 - [TEST_STEP][PASSED] - hobbyOption.addProperty("xpath", EQUALS, //label[text()='$hobbies']): null

03-10-2025T17:06:56 - [TEST_STEP][PASSED] - click(hobbyOption): Object: '' is clicked on

03-10-2025T17:06:57 - [MESSAGE][PASSED] - Object: '' is clicked on

03-10-2025T17:06:57 - [TEST_STEP][PASSED] - if (picture && picture.trim() != ""): File 'C:\Users\Jexxy\Downloads\WhatsApp Image 2025-09-29 at 2.27.59 PM.jpeg' sent to object: 'Object Repository/Page_DEMOQA/input_Select picture_uploadPicture'

03-10-2025T17:06:57 - [TEST_STEP][PASSED] - comment(📂 Upload picture: $picture): 📂 Upload picture: C:\Users\Jexxy\Downloads\WhatsApp Image 2025-09-29 at 2.27.59 PM.jpeg

03-10-2025T17:06:57 - [MESSAGE][INFO] - 📂 Upload picture: C:\Users\Jexxy\Downloads\WhatsApp Image 2025-09-29 at 2.27.59 PM.jpeg

03-10-2025T17:06:57 - [TEST_STEP][PASSED] - uploadFile(findTestObject("Page_DEMOQA/input_Select picture_uploadPicture"), picture): File 'C:\Users\Jexxy\Downloads\WhatsApp Image 2025-09-29 at 2.27.59 PM.jpeg' sent to object: 'Object Repository/Page_DEMOQA/input_Select picture_uploadPicture'

03-10-2025T17:06:57 - [MESSAGE][PASSED] - File 'C:\Users\Jexxy\Downloads\WhatsApp Image 2025-09-29 at 2.27.59 PM.jpeg' sent to object: 'Object Repository/Page_DEMOQA/input_Select picture_uploadPicture'

03-10-2025T17:06:57 - [TEST_STEP][PASSED] - setText(findTestObject("Page_DEMOQA/textarea_Current Address_currentAddress"), address): Text 'Jl. Jalan' is set on object 'Object Repository/Page_DEMOQA/textarea_Current Address_currentAddress'

03-10-2025T17:06:58 - [MESSAGE][PASSED] - Text 'Jl. Jalan' is set on object 'Object Repository/Page_DEMOQA/textarea_Current Address_currentAddress'

03-10-2025T17:06:58 - [TEST_STEP][PASSED] - if (state && state.trim() != ""): Object: '' is clicked on

03-10-2025T17:06:58 - [TEST_STEP][PASSED] - click(findTestObject("Page_DEMOQA/div_Select State_css-1gtu0rj-indicatorContainer")): Object: 'Object Repository/Page_DEMOQA/div_Select State_css-1gtu0rj-indicatorContainer' is clicked on

03-10-2025T17:06:58 - [MESSAGE][PASSED] - Object: 'Object Repository/Page_DEMOQA/div_Select State_css-1gtu0rj-indicatorContainer' is clicked on

03-10-2025T17:06:58 - [TEST_STEP][PASSED] - stateOption = new com.kms.katalon.core.testobject.TestObject(): null

03-10-2025T17:06:58 - [TEST_STEP][PASSED] - stateOption.addProperty("xpath", EQUALS, //div[contains(@id,'react-select-3-option') and text()='$state']): null

03-10-2025T17:06:58 - [TEST_STEP][PASSED] - click(stateOption): Object: '' is clicked on

03-10-2025T17:06:59 - [MESSAGE][PASSED] - Object: '' is clicked on

03-10-2025T17:06:59 - [TEST_STEP][PASSED] - if (city && city.trim() != ""): Object: '' is clicked on

03-10-2025T17:06:59 - [TEST_STEP][PASSED] - click(findTestObject("Page_DEMOQA/svg_Select City_css-19bqh2r")): Object: 'Object Repository/Page_DEMOQA/svg_Select City_css-19bqh2r' is clicked on

03-10-2025T17:06:59 - [MESSAGE][PASSED] - Object: 'Object Repository/Page_DEMOQA/svg_Select City_css-19bqh2r' is clicked on

03-10-2025T17:06:59 - [TEST_STEP][PASSED] - cityOption = new com.kms.katalon.core.testobject.TestObject(): null

03-10-2025T17:06:59 - [TEST_STEP][PASSED] - cityOption.addProperty("xpath", EQUALS, //div[contains(@id,'react-select-4-option') and text()='$city']): null

03-10-2025T17:06:59 - [TEST_STEP][PASSED] - click(cityOption): Object: '' is clicked on

03-10-2025T17:07:00 - [MESSAGE][PASSED] - Object: '' is clicked on

03-10-2025T17:07:00 - [TEST_STEP][PASSED] - submitBtn = new com.kms.katalon.core.testobject.TestObject(): null

03-10-2025T17:07:00 - [TEST_STEP][PASSED] - submitBtn.addProperty("xpath", EQUALS, "//button[@id='submit']"): null

03-10-2025T17:07:00 - [TEST_STEP][PASSED] - click(submitBtn): Object: '' is clicked on

03-10-2025T17:07:00 - [MESSAGE][PASSED] - Object: '' is clicked on

03-10-2025T17:07:00 - [TEST_STEP][PASSED] - if (expected == "required" && gender == null || gender.trim() == ""): Actual object 'false' and expected object 'false' are equal

03-10-2025T17:07:00 - [TEST_STEP][PASSED] - isGenderSelected = executeJavaScript("return document.querySelectorAll('input[name="gender"]:checked').length > 0;", []): Execute JavaScript 'return document.querySelectorAll('input[name="gender"]:checked').length > 0;' successfully

03-10-2025T17:07:00 - [MESSAGE][PASSED] - Execute JavaScript 'return document.querySelectorAll('input[name="gender"]:checked').length > 0;' successfully

03-10-2025T17:07:00 - [TEST_STEP][PASSED] - comment(Gender selected? $isGenderSelected): Gender selected? false

03-10-2025T17:07:00 - [MESSAGE][INFO] - Gender selected? false

03-10-2025T17:07:00 - [TEST_STEP][PASSED] - verifyEqual(isGenderSelected, false, CONTINUE_ON_FAILURE): Actual object 'false' and expected object 'false' are equal

03-10-2025T17:07:00 - [MESSAGE][PASSED] - Actual object 'false' and expected object 'false' are equal

03-10-2025T17:07:00 - [TEST_STEP][PASSED] - closeBrowser(): Browser is closed

03-10-2025T17:07:01 - [MESSAGE][PASSED] - Browser is closed

03-10-2025T17:07:01 - [TEST_STEP][PASSED] - firstName = data.getValue("FirstName", row): null

03-10-2025T17:07:01 - [TEST_STEP][PASSED] - lastName = data.getValue("LastName", row): null

03-10-2025T17:07:01 - [TEST_STEP][PASSED] - email = data.getValue("Email", row): null

03-10-2025T17:07:01 - [TEST_STEP][PASSED] - mobile = data.getValue("Mobile", row): null

03-10-2025T17:07:01 - [TEST_STEP][PASSED] - gender = data.getValue("Gender", row): null

03-10-2025T17:07:01 - [TEST_STEP][PASSED] - dob = data.getValue("DOB", row): null

03-10-2025T17:07:01 - [TEST_STEP][PASSED] - subject = data.getValue("Subject", row): null

03-10-2025T17:07:01 - [TEST_STEP][PASSED] - hobbies = data.getValue("Hobbies", row): null

03-10-2025T17:07:01 - [TEST_STEP][PASSED] - picture = data.getValue("Picture", row): null

03-10-2025T17:07:01 - [TEST_STEP][PASSED] - address = data.getValue("Address", row): null

03-10-2025T17:07:01 - [TEST_STEP][PASSED] - state = data.getValue("State", row): null

03-10-2025T17:07:01 - [TEST_STEP][PASSED] - city = data.getValue("City", row): null

03-10-2025T17:07:01 - [TEST_STEP][PASSED] - expected = data.getValue("Expected", row): null

03-10-2025T17:07:01 - [TEST_STEP][PASSED] - comment(▶ Iterasi $row: $firstName $lastName | $email | $mobile): ▶ Iterasi 6: Gagas Jex | gagasJex@g.com | 877362673

03-10-2025T17:07:01 - [MESSAGE][INFO] - ▶ Iterasi 6: Gagas Jex | gagasJex@g.com | 877362673

03-10-2025T17:07:01 - [TEST_STEP][PASSED] - openBrowser(""): Browser is opened with url: ''

03-10-2025T17:07:01 - [MESSAGE][INFO] - Starting 'Chrome' driver

03-10-2025T17:07:01 - [MESSAGE][INFO] - Action delay is set to 0 milliseconds

03-10-2025T17:07:02 - [MESSAGE][PASSED] - Browser is opened with url: ''

03-10-2025T17:07:02 - [TEST_STEP][PASSED] - navigateToUrl("https://demoqa.com/automation-practice-form"): Navigate to 'https://demoqa.com/automation-practice-form' successfully

03-10-2025T17:07:07 - [MESSAGE][PASSED] - Navigate to 'https://demoqa.com/automation-practice-form' successfully

03-10-2025T17:07:07 - [TEST_STEP][PASSED] - maximizeWindow(): Current window maximized

03-10-2025T17:07:07 - [MESSAGE][PASSED] - Current window maximized

03-10-2025T17:07:07 - [TEST_STEP][PASSED] - setText(findTestObject("Page_DEMOQA/input_Name_firstName"), firstName): Text 'Gagas' is set on object 'Object Repository/Page_DEMOQA/input_Name_firstName'

03-10-2025T17:07:09 - [MESSAGE][PASSED] - Text 'Gagas' is set on object 'Object Repository/Page_DEMOQA/input_Name_firstName'

03-10-2025T17:07:09 - [TEST_STEP][PASSED] - setText(findTestObject("Page_DEMOQA/input_Name_lastName"), lastName): Text 'Jex' is set on object 'Object Repository/Page_DEMOQA/input_Name_lastName'

03-10-2025T17:07:09 - [MESSAGE][PASSED] - Text 'Jex' is set on object 'Object Repository/Page_DEMOQA/input_Name_lastName'

03-10-2025T17:07:09 - [TEST_STEP][PASSED] - setText(findTestObject("Page_DEMOQA/input_Email_userEmail"), email): Text 'gagasJex@g.com' is set on object 'Object Repository/Page_DEMOQA/input_Email_userEmail'

03-10-2025T17:07:10 - [MESSAGE][PASSED] - Text 'gagasJex@g.com' is set on object 'Object Repository/Page_DEMOQA/input_Email_userEmail'

03-10-2025T17:07:10 - [TEST_STEP][PASSED] - if (gender != null && trim().length() > 0): Object: '' is clicked on

03-10-2025T17:07:10 - [TEST_STEP][PASSED] - comment(Klik gender: $gender): Klik gender: Male

03-10-2025T17:07:10 - [MESSAGE][INFO] - Klik gender: Male

03-10-2025T17:07:10 - [TEST_STEP][PASSED] - genderOption = new com.kms.katalon.core.testobject.TestObject(): null

03-10-2025T17:07:10 - [TEST_STEP][PASSED] - genderOption.addProperty("xpath", EQUALS, //label[normalize-space(text())='$gender']): null

03-10-2025T17:07:10 - [TEST_STEP][PASSED] - click(genderOption): Object: '' is clicked on

03-10-2025T17:07:11 - [MESSAGE][PASSED] - Object: '' is clicked on

03-10-2025T17:07:11 - [TEST_STEP][PASSED] - setText(findTestObject("Page_DEMOQA/input_(10 Digits)_userNumber"), "0" + mobile): Text '0877362673' is set on object 'Object Repository/Page_DEMOQA/input_(10 Digits)_userNumber'

03-10-2025T17:07:11 - [MESSAGE][PASSED] - Text '0877362673' is set on object 'Object Repository/Page_DEMOQA/input_(10 Digits)_userNumber'

03-10-2025T17:07:11 - [TEST_STEP][PASSED] - if (dob && dob.trim() != ""): null

03-10-2025T17:07:11 - [TEST_STEP][PASSED] - if (subject && subject.trim() != ""): Keys 'ENTER + ' sent to object: 'Object Repository/Page_DEMOQA/input_Subjects_subjectsInput'

03-10-2025T17:07:11 - [TEST_STEP][PASSED] - setText(findTestObject("Page_DEMOQA/input_Subjects_subjectsInput"), subject): Text 'Math' is set on object 'Object Repository/Page_DEMOQA/input_Subjects_subjectsInput'

03-10-2025T17:07:12 - [MESSAGE][PASSED] - Text 'Math' is set on object 'Object Repository/Page_DEMOQA/input_Subjects_subjectsInput'

03-10-2025T17:07:12 - [TEST_STEP][PASSED] - sendKeys(findTestObject("Page_DEMOQA/input_Subjects_subjectsInput"), Keys.chord(ENTER)): Keys 'ENTER + ' sent to object: 'Object Repository/Page_DEMOQA/input_Subjects_subjectsInput'

03-10-2025T17:07:12 - [MESSAGE][PASSED] - Keys 'ENTER + ' sent to object: 'Object Repository/Page_DEMOQA/input_Subjects_subjectsInput'

03-10-2025T17:07:12 - [TEST_STEP][PASSED] - if (hobbies && hobbies.trim() != ""): Object: '' is clicked on

03-10-2025T17:07:12 - [TEST_STEP][PASSED] - hobbyOption = new com.kms.katalon.core.testobject.TestObject(): null

03-10-2025T17:07:12 - [TEST_STEP][PASSED] - hobbyOption.addProperty("xpath", EQUALS, //label[text()='$hobbies']): null

03-10-2025T17:07:12 - [TEST_STEP][PASSED] - click(hobbyOption): Object: '' is clicked on

03-10-2025T17:07:13 - [MESSAGE][PASSED] - Object: '' is clicked on

03-10-2025T17:07:13 - [TEST_STEP][PASSED] - if (picture && picture.trim() != ""): File 'C:\Users\Jexxy\Downloads\WhatsApp Image 2025-09-29 at 2.27.59 PM.jpeg' sent to object: 'Object Repository/Page_DEMOQA/input_Select picture_uploadPicture'

03-10-2025T17:07:13 - [TEST_STEP][PASSED] - comment(📂 Upload picture: $picture): 📂 Upload picture: C:\Users\Jexxy\Downloads\WhatsApp Image 2025-09-29 at 2.27.59 PM.jpeg

03-10-2025T17:07:13 - [MESSAGE][INFO] - 📂 Upload picture: C:\Users\Jexxy\Downloads\WhatsApp Image 2025-09-29 at 2.27.59 PM.jpeg

03-10-2025T17:07:13 - [TEST_STEP][PASSED] - uploadFile(findTestObject("Page_DEMOQA/input_Select picture_uploadPicture"), picture): File 'C:\Users\Jexxy\Downloads\WhatsApp Image 2025-09-29 at 2.27.59 PM.jpeg' sent to object: 'Object Repository/Page_DEMOQA/input_Select picture_uploadPicture'

03-10-2025T17:07:13 - [MESSAGE][PASSED] - File 'C:\Users\Jexxy\Downloads\WhatsApp Image 2025-09-29 at 2.27.59 PM.jpeg' sent to object: 'Object Repository/Page_DEMOQA/input_Select picture_uploadPicture'

03-10-2025T17:07:13 - [TEST_STEP][PASSED] - setText(findTestObject("Page_DEMOQA/textarea_Current Address_currentAddress"), address): Text 'Jl. Jalan' is set on object 'Object Repository/Page_DEMOQA/textarea_Current Address_currentAddress'

03-10-2025T17:07:14 - [MESSAGE][PASSED] - Text 'Jl. Jalan' is set on object 'Object Repository/Page_DEMOQA/textarea_Current Address_currentAddress'

03-10-2025T17:07:14 - [TEST_STEP][PASSED] - if (state && state.trim() != ""): Object: '' is clicked on

03-10-2025T17:07:14 - [TEST_STEP][PASSED] - click(findTestObject("Page_DEMOQA/div_Select State_css-1gtu0rj-indicatorContainer")): Object: 'Object Repository/Page_DEMOQA/div_Select State_css-1gtu0rj-indicatorContainer' is clicked on

03-10-2025T17:07:14 - [MESSAGE][PASSED] - Object: 'Object Repository/Page_DEMOQA/div_Select State_css-1gtu0rj-indicatorContainer' is clicked on

03-10-2025T17:07:14 - [TEST_STEP][PASSED] - stateOption = new com.kms.katalon.core.testobject.TestObject(): null

03-10-2025T17:07:14 - [TEST_STEP][PASSED] - stateOption.addProperty("xpath", EQUALS, //div[contains(@id,'react-select-3-option') and text()='$state']): null

03-10-2025T17:07:14 - [TEST_STEP][PASSED] - click(stateOption): Object: '' is clicked on

03-10-2025T17:07:15 - [MESSAGE][PASSED] - Object: '' is clicked on

03-10-2025T17:07:15 - [TEST_STEP][PASSED] - if (city && city.trim() != ""): Object: '' is clicked on

03-10-2025T17:07:15 - [TEST_STEP][PASSED] - click(findTestObject("Page_DEMOQA/svg_Select City_css-19bqh2r")): Object: 'Object Repository/Page_DEMOQA/svg_Select City_css-19bqh2r' is clicked on

03-10-2025T17:07:16 - [MESSAGE][PASSED] - Object: 'Object Repository/Page_DEMOQA/svg_Select City_css-19bqh2r' is clicked on

03-10-2025T17:07:16 - [TEST_STEP][PASSED] - cityOption = new com.kms.katalon.core.testobject.TestObject(): null

03-10-2025T17:07:16 - [TEST_STEP][PASSED] - cityOption.addProperty("xpath", EQUALS, //div[contains(@id,'react-select-4-option') and text()='$city']): null

03-10-2025T17:07:16 - [TEST_STEP][PASSED] - click(cityOption): Object: '' is clicked on

03-10-2025T17:07:16 - [MESSAGE][PASSED] - Object: '' is clicked on

03-10-2025T17:07:16 - [TEST_STEP][PASSED] - submitBtn = new com.kms.katalon.core.testobject.TestObject(): null

03-10-2025T17:07:16 - [TEST_STEP][PASSED] - submitBtn.addProperty("xpath", EQUALS, "//button[@id='submit']"): null

03-10-2025T17:07:16 - [TEST_STEP][PASSED] - click(submitBtn): Object: '' is clicked on

03-10-2025T17:07:17 - [MESSAGE][PASSED] - Object: '' is clicked on

03-10-2025T17:07:17 - [TEST_STEP][PASSED] - if (expected == "required" && gender == null || gender.trim() == ""): null

03-10-2025T17:07:17 - [TEST_STEP][PASSED] - else if (expected == "valid"): Object '' is visible

03-10-2025T17:07:17 - [TEST_STEP][PASSED] - popup = new com.kms.katalon.core.testobject.TestObject(): null

03-10-2025T17:07:17 - [TEST_STEP][PASSED] - popup.addProperty("xpath", EQUALS, "//div[@id='example-modal-sizes-title-lg']"): null

03-10-2025T17:07:17 - [TEST_STEP][PASSED] - verifyElementVisible(popup, CONTINUE_ON_FAILURE): Object '' is visible

03-10-2025T17:07:17 - [MESSAGE][PASSED] - Object '' is visible

03-10-2025T17:07:17 - [TEST_STEP][PASSED] - closeBrowser(): Browser is closed

03-10-2025T17:07:18 - [MESSAGE][PASSED] - Browser is closed

03-10-2025T17:07:18 - [TEST_STEP][PASSED] - firstName = data.getValue("FirstName", row): null

03-10-2025T17:07:18 - [TEST_STEP][PASSED] - lastName = data.getValue("LastName", row): null

03-10-2025T17:07:18 - [TEST_STEP][PASSED] - email = data.getValue("Email", row): null

03-10-2025T17:07:18 - [TEST_STEP][PASSED] - mobile = data.getValue("Mobile", row): null

03-10-2025T17:07:18 - [TEST_STEP][PASSED] - gender = data.getValue("Gender", row): null

03-10-2025T17:07:18 - [TEST_STEP][PASSED] - dob = data.getValue("DOB", row): null

03-10-2025T17:07:18 - [TEST_STEP][PASSED] - subject = data.getValue("Subject", row): null

03-10-2025T17:07:18 - [TEST_STEP][PASSED] - hobbies = data.getValue("Hobbies", row): null

03-10-2025T17:07:18 - [TEST_STEP][PASSED] - picture = data.getValue("Picture", row): null

03-10-2025T17:07:18 - [TEST_STEP][PASSED] - address = data.getValue("Address", row): null

03-10-2025T17:07:18 - [TEST_STEP][PASSED] - state = data.getValue("State", row): null

03-10-2025T17:07:18 - [TEST_STEP][PASSED] - city = data.getValue("City", row): null

03-10-2025T17:07:18 - [TEST_STEP][PASSED] - expected = data.getValue("Expected", row): null

03-10-2025T17:07:18 - [TEST_STEP][PASSED] - comment(▶ Iterasi $row: $firstName $lastName | $email | $mobile): ▶ Iterasi 7: Gagas Jex | gagasJex@g.com | 877362673

03-10-2025T17:07:18 - [MESSAGE][INFO] - ▶ Iterasi 7: Gagas Jex | gagasJex@g.com | 877362673

03-10-2025T17:07:18 - [TEST_STEP][PASSED] - openBrowser(""): Browser is opened with url: ''

03-10-2025T17:07:18 - [MESSAGE][INFO] - Starting 'Chrome' driver

03-10-2025T17:07:18 - [MESSAGE][INFO] - Action delay is set to 0 milliseconds

03-10-2025T17:07:19 - [MESSAGE][PASSED] - Browser is opened with url: ''

03-10-2025T17:07:19 - [TEST_STEP][PASSED] - navigateToUrl("https://demoqa.com/automation-practice-form"): Navigate to 'https://demoqa.com/automation-practice-form' successfully

03-10-2025T17:07:27 - [MESSAGE][PASSED] - Navigate to 'https://demoqa.com/automation-practice-form' successfully

03-10-2025T17:07:27 - [TEST_STEP][PASSED] - maximizeWindow(): Current window maximized

03-10-2025T17:07:27 - [MESSAGE][PASSED] - Current window maximized

03-10-2025T17:07:27 - [TEST_STEP][PASSED] - setText(findTestObject("Page_DEMOQA/input_Name_firstName"), firstName): Text 'Gagas' is set on object 'Object Repository/Page_DEMOQA/input_Name_firstName'

03-10-2025T17:07:28 - [MESSAGE][PASSED] - Text 'Gagas' is set on object 'Object Repository/Page_DEMOQA/input_Name_firstName'

03-10-2025T17:07:28 - [TEST_STEP][PASSED] - setText(findTestObject("Page_DEMOQA/input_Name_lastName"), lastName): Text 'Jex' is set on object 'Object Repository/Page_DEMOQA/input_Name_lastName'

03-10-2025T17:07:29 - [MESSAGE][PASSED] - Text 'Jex' is set on object 'Object Repository/Page_DEMOQA/input_Name_lastName'

03-10-2025T17:07:29 - [TEST_STEP][PASSED] - setText(findTestObject("Page_DEMOQA/input_Email_userEmail"), email): Text 'gagasJex@g.com' is set on object 'Object Repository/Page_DEMOQA/input_Email_userEmail'

03-10-2025T17:07:30 - [MESSAGE][PASSED] - Text 'gagasJex@g.com' is set on object 'Object Repository/Page_DEMOQA/input_Email_userEmail'

03-10-2025T17:07:30 - [TEST_STEP][PASSED] - if (gender != null && trim().length() > 0): Object: '' is clicked on

03-10-2025T17:07:30 - [TEST_STEP][PASSED] - comment(Klik gender: $gender): Klik gender: Male

03-10-2025T17:07:30 - [MESSAGE][INFO] - Klik gender: Male

03-10-2025T17:07:30 - [TEST_STEP][PASSED] - genderOption = new com.kms.katalon.core.testobject.TestObject(): null

03-10-2025T17:07:30 - [TEST_STEP][PASSED] - genderOption.addProperty("xpath", EQUALS, //label[normalize-space(text())='$gender']): null

03-10-2025T17:07:30 - [TEST_STEP][PASSED] - click(genderOption): Object: '' is clicked on

03-10-2025T17:07:30 - [MESSAGE][PASSED] - Object: '' is clicked on

03-10-2025T17:07:30 - [TEST_STEP][PASSED] - setText(findTestObject("Page_DEMOQA/input_(10 Digits)_userNumber"), "0" + mobile): Text '0877362673' is set on object 'Object Repository/Page_DEMOQA/input_(10 Digits)_userNumber'

03-10-2025T17:07:31 - [MESSAGE][PASSED] - Text '0877362673' is set on object 'Object Repository/Page_DEMOQA/input_(10 Digits)_userNumber'

03-10-2025T17:07:31 - [TEST_STEP][PASSED] - if (dob && dob.trim() != ""): Object: '' is clicked on

03-10-2025T17:07:31 - [TEST_STEP][PASSED] - parts = dob.split("/"): null

03-10-2025T17:07:31 - [TEST_STEP][PASSED] - day = parts[0]: null

03-10-2025T17:07:31 - [TEST_STEP][PASSED] - month = parts[1].toInteger() - 1: null

03-10-2025T17:07:31 - [TEST_STEP][PASSED] - year = parts[2]: null

03-10-2025T17:07:31 - [TEST_STEP][PASSED] - click(findTestObject("Page_DEMOQA/input_Date of Birth_dateOfBirthInput")): Object: 'Object Repository/Page_DEMOQA/input_Date of Birth_dateOfBirthInput' is clicked on

03-10-2025T17:07:31 - [MESSAGE][PASSED] - Object: 'Object Repository/Page_DEMOQA/input_Date of Birth_dateOfBirthInput' is clicked on

03-10-2025T17:07:31 - [TEST_STEP][PASSED] - yearSelect = new com.kms.katalon.core.testobject.TestObject(): null

03-10-2025T17:07:31 - [TEST_STEP][PASSED] - yearSelect.addProperty("xpath", EQUALS, "//select[contains(@class,'react-datepicker__year-select')]"): null

03-10-2025T17:07:31 - [TEST_STEP][PASSED] - monthSelect = new com.kms.katalon.core.testobject.TestObject(): null

[...]

03-10-2025T17:08:54 - [MESSAGE][PASSED] - Object: 'Object Repository/Page_DEMOQA/input_Date of Birth_dateOfBirthInput' is clicked on

03-10-2025T17:08:54 - [TEST_STEP][PASSED] - yearSelect = new com.kms.katalon.core.testobject.TestObject(): null

03-10-2025T17:08:54 - [TEST_STEP][PASSED] - yearSelect.addProperty("xpath", EQUALS, "//select[contains(@class,'react-datepicker__year-select')]"): null

03-10-2025T17:08:54 - [TEST_STEP][PASSED] - monthSelect = new com.kms.katalon.core.testobject.TestObject(): null

03-10-2025T17:08:54 - [TEST_STEP][PASSED] - monthSelect.addProperty("xpath", EQUALS, "//select[contains(@class,'react-datepicker__month-select')]"): null

03-10-2025T17:08:54 - [TEST_STEP][PASSED] - selectOptionByValue(yearSelect, year, true): All options with value '2000' are selected in object ''  using regular expression

03-10-2025T17:08:56 - [MESSAGE][PASSED] - All options with value '2000' are selected in object ''  using regular expression

03-10-2025T17:08:56 - [TEST_STEP][PASSED] - selectOptionByIndex(monthSelect, month): All options with index in [9] are selected on object ''

03-10-2025T17:08:57 - [MESSAGE][PASSED] - All options with index in [9] are selected on object ''

03-10-2025T17:08:57 - [TEST_STEP][PASSED] - dayObject = new com.kms.katalon.core.testobject.TestObject(): null

03-10-2025T17:08:57 - [TEST_STEP][PASSED] - dayObject.addProperty("xpath", EQUALS, //div[contains(@class,'react-datepicker__day') and not(contains(@class,'outside-month')) and text()='$day']): null

03-10-2025T17:08:57 - [TEST_STEP][PASSED] - click(dayObject): Object: '' is clicked on

03-10-2025T17:08:57 - [MESSAGE][PASSED] - Object: '' is clicked on

03-10-2025T17:08:57 - [TEST_STEP][PASSED] - if (subject && subject.trim() != ""): Keys 'ENTER + ' sent to object: 'Object Repository/Page_DEMOQA/input_Subjects_subjectsInput'

03-10-2025T17:08:57 - [TEST_STEP][PASSED] - setText(findTestObject("Page_DEMOQA/input_Subjects_subjectsInput"), subject): Text 'Math' is set on object 'Object Repository/Page_DEMOQA/input_Subjects_subjectsInput'

03-10-2025T17:08:58 - [MESSAGE][PASSED] - Text 'Math' is set on object 'Object Repository/Page_DEMOQA/input_Subjects_subjectsInput'

03-10-2025T17:08:58 - [TEST_STEP][PASSED] - sendKeys(findTestObject("Page_DEMOQA/input_Subjects_subjectsInput"), Keys.chord(ENTER)): Keys 'ENTER + ' sent to object: 'Object Repository/Page_DEMOQA/input_Subjects_subjectsInput'

03-10-2025T17:08:59 - [MESSAGE][PASSED] - Keys 'ENTER + ' sent to object: 'Object Repository/Page_DEMOQA/input_Subjects_subjectsInput'

03-10-2025T17:08:59 - [TEST_STEP][PASSED] - if (hobbies && hobbies.trim() != ""): Object: '' is clicked on

03-10-2025T17:08:59 - [TEST_STEP][PASSED] - hobbyOption = new com.kms.katalon.core.testobject.TestObject(): null

03-10-2025T17:08:59 - [TEST_STEP][PASSED] - hobbyOption.addProperty("xpath", EQUALS, //label[text()='$hobbies']): null

03-10-2025T17:08:59 - [TEST_STEP][PASSED] - click(hobbyOption): Object: '' is clicked on

03-10-2025T17:08:59 - [MESSAGE][PASSED] - Object: '' is clicked on

03-10-2025T17:08:59 - [TEST_STEP][PASSED] - if (picture && picture.trim() != ""): File 'C:\Users\Jexxy\Downloads\WhatsApp Image 2025-09-29 at 2.27.59 PM.jpeg' sent to object: 'Object Repository/Page_DEMOQA/input_Select picture_uploadPicture'

03-10-2025T17:08:59 - [TEST_STEP][PASSED] - comment(📂 Upload picture: $picture): 📂 Upload picture: C:\Users\Jexxy\Downloads\WhatsApp Image 2025-09-29 at 2.27.59 PM.jpeg

03-10-2025T17:08:59 - [MESSAGE][INFO] - 📂 Upload picture: C:\Users\Jexxy\Downloads\WhatsApp Image 2025-09-29 at 2.27.59 PM.jpeg

03-10-2025T17:08:59 - [TEST_STEP][PASSED] - uploadFile(findTestObject("Page_DEMOQA/input_Select picture_uploadPicture"), picture): File 'C:\Users\Jexxy\Downloads\WhatsApp Image 2025-09-29 at 2.27.59 PM.jpeg' sent to object: 'Object Repository/Page_DEMOQA/input_Select picture_uploadPicture'

03-10-2025T17:09:00 - [MESSAGE][PASSED] - File 'C:\Users\Jexxy\Downloads\WhatsApp Image 2025-09-29 at 2.27.59 PM.jpeg' sent to object: 'Object Repository/Page_DEMOQA/input_Select picture_uploadPicture'

03-10-2025T17:09:00 - [TEST_STEP][PASSED] - setText(findTestObject("Page_DEMOQA/textarea_Current Address_currentAddress"), address): Text '' is set on object 'Object Repository/Page_DEMOQA/textarea_Current Address_currentAddress'

03-10-2025T17:09:00 - [MESSAGE][PASSED] - Text '' is set on object 'Object Repository/Page_DEMOQA/textarea_Current Address_currentAddress'

03-10-2025T17:09:00 - [TEST_STEP][PASSED] - if (state && state.trim() != ""): Object: '' is clicked on

03-10-2025T17:09:00 - [TEST_STEP][PASSED] - click(findTestObject("Page_DEMOQA/div_Select State_css-1gtu0rj-indicatorContainer")): Object: 'Object Repository/Page_DEMOQA/div_Select State_css-1gtu0rj-indicatorContainer' is clicked on

03-10-2025T17:09:01 - [MESSAGE][PASSED] - Object: 'Object Repository/Page_DEMOQA/div_Select State_css-1gtu0rj-indicatorContainer' is clicked on

03-10-2025T17:09:01 - [TEST_STEP][PASSED] - stateOption = new com.kms.katalon.core.testobject.TestObject(): null

03-10-2025T17:09:01 - [TEST_STEP][PASSED] - stateOption.addProperty("xpath", EQUALS, //div[contains(@id,'react-select-3-option') and text()='$state']): null

03-10-2025T17:09:01 - [TEST_STEP][PASSED] - click(stateOption): Object: '' is clicked on

03-10-2025T17:09:01 - [MESSAGE][PASSED] - Object: '' is clicked on

03-10-2025T17:09:01 - [TEST_STEP][PASSED] - if (city && city.trim() != ""): Object: '' is clicked on

03-10-2025T17:09:01 - [TEST_STEP][PASSED] - click(findTestObject("Page_DEMOQA/svg_Select City_css-19bqh2r")): Object: 'Object Repository/Page_DEMOQA/svg_Select City_css-19bqh2r' is clicked on

03-10-2025T17:09:02 - [MESSAGE][PASSED] - Object: 'Object Repository/Page_DEMOQA/svg_Select City_css-19bqh2r' is clicked on

03-10-2025T17:09:02 - [TEST_STEP][PASSED] - cityOption = new com.kms.katalon.core.testobject.TestObject(): null

03-10-2025T17:09:02 - [TEST_STEP][PASSED] - cityOption.addProperty("xpath", EQUALS, //div[contains(@id,'react-select-4-option') and text()='$city']): null

03-10-2025T17:09:02 - [TEST_STEP][PASSED] - click(cityOption): Object: '' is clicked on

03-10-2025T17:09:02 - [MESSAGE][PASSED] - Object: '' is clicked on

03-10-2025T17:09:02 - [TEST_STEP][PASSED] - submitBtn = new com.kms.katalon.core.testobject.TestObject(): null

03-10-2025T17:09:02 - [TEST_STEP][PASSED] - submitBtn.addProperty("xpath", EQUALS, "//button[@id='submit']"): null

03-10-2025T17:09:02 - [TEST_STEP][PASSED] - click(submitBtn): Object: '' is clicked on

03-10-2025T17:09:03 - [MESSAGE][PASSED] - Object: '' is clicked on

03-10-2025T17:09:03 - [TEST_STEP][PASSED] - if (expected == "required" && gender == null || gender.trim() == ""): null

03-10-2025T17:09:03 - [TEST_STEP][PASSED] - else if (expected == "valid"): Object '' is visible

03-10-2025T17:09:03 - [TEST_STEP][PASSED] - popup = new com.kms.katalon.core.testobject.TestObject(): null

03-10-2025T17:09:03 - [TEST_STEP][PASSED] - popup.addProperty("xpath", EQUALS, "//div[@id='example-modal-sizes-title-lg']"): null

03-10-2025T17:09:03 - [TEST_STEP][PASSED] - verifyElementVisible(popup, CONTINUE_ON_FAILURE): Object '' is visible

03-10-2025T17:09:03 - [MESSAGE][PASSED] - Object '' is visible

03-10-2025T17:09:03 - [TEST_STEP][PASSED] - closeBrowser(): Browser is closed

03-10-2025T17:09:04 - [MESSAGE][PASSED] - Browser is closed

03-10-2025T17:09:04 - [TEST_STEP][PASSED] - firstName = data.getValue("FirstName", row): null

03-10-2025T17:09:04 - [TEST_STEP][PASSED] - lastName = data.getValue("LastName", row): null

03-10-2025T17:09:04 - [TEST_STEP][PASSED] - email = data.getValue("Email", row): null

03-10-2025T17:09:04 - [TEST_STEP][PASSED] - mobile = data.getValue("Mobile", row): null

03-10-2025T17:09:04 - [TEST_STEP][PASSED] - gender = data.getValue("Gender", row): null

03-10-2025T17:09:04 - [TEST_STEP][PASSED] - dob = data.getValue("DOB", row): null

03-10-2025T17:09:04 - [TEST_STEP][PASSED] - subject = data.getValue("Subject", row): null

03-10-2025T17:09:04 - [TEST_STEP][PASSED] - hobbies = data.getValue("Hobbies", row): null

03-10-2025T17:09:04 - [TEST_STEP][PASSED] - picture = data.getValue("Picture", row): null

03-10-2025T17:09:04 - [TEST_STEP][PASSED] - address = data.getValue("Address", row): null

03-10-2025T17:09:04 - [TEST_STEP][PASSED] - state = data.getValue("State", row): null

03-10-2025T17:09:04 - [TEST_STEP][PASSED] - city = data.getValue("City", row): null

03-10-2025T17:09:04 - [TEST_STEP][PASSED] - expected = data.getValue("Expected", row): null

03-10-2025T17:09:04 - [TEST_STEP][PASSED] - comment(▶ Iterasi $row: $firstName $lastName | $email | $mobile): ▶ Iterasi 12: Gagas  | gagasJex@g.com | 877362673

03-10-2025T17:09:04 - [MESSAGE][INFO] - ▶ Iterasi 12: Gagas  | gagasJex@g.com | 877362673

03-10-2025T17:09:04 - [TEST_STEP][PASSED] - openBrowser(""): Browser is opened with url: ''

03-10-2025T17:09:04 - [MESSAGE][INFO] - Starting 'Chrome' driver

03-10-2025T17:09:04 - [MESSAGE][INFO] - Action delay is set to 0 milliseconds

03-10-2025T17:09:05 - [MESSAGE][PASSED] - Browser is opened with url: ''

03-10-2025T17:09:05 - [TEST_STEP][PASSED] - navigateToUrl("https://demoqa.com/automation-practice-form"): Navigate to 'https://demoqa.com/automation-practice-form' successfully

03-10-2025T17:09:10 - [MESSAGE][PASSED] - Navigate to 'https://demoqa.com/automation-practice-form' successfully

03-10-2025T17:09:10 - [TEST_STEP][PASSED] - maximizeWindow(): Current window maximized

03-10-2025T17:09:10 - [MESSAGE][PASSED] - Current window maximized

03-10-2025T17:09:10 - [TEST_STEP][PASSED] - setText(findTestObject("Page_DEMOQA/input_Name_firstName"), firstName): Text 'Gagas' is set on object 'Object Repository/Page_DEMOQA/input_Name_firstName'

03-10-2025T17:09:12 - [MESSAGE][PASSED] - Text 'Gagas' is set on object 'Object Repository/Page_DEMOQA/input_Name_firstName'

03-10-2025T17:09:12 - [TEST_STEP][PASSED] - setText(findTestObject("Page_DEMOQA/input_Name_lastName"), lastName): Text '' is set on object 'Object Repository/Page_DEMOQA/input_Name_lastName'

03-10-2025T17:09:12 - [MESSAGE][PASSED] - Text '' is set on object 'Object Repository/Page_DEMOQA/input_Name_lastName'

03-10-2025T17:09:12 - [TEST_STEP][PASSED] - setText(findTestObject("Page_DEMOQA/input_Email_userEmail"), email): Text 'gagasJex@g.com' is set on object 'Object Repository/Page_DEMOQA/input_Email_userEmail'

03-10-2025T17:09:13 - [MESSAGE][PASSED] - Text 'gagasJex@g.com' is set on object 'Object Repository/Page_DEMOQA/input_Email_userEmail'

03-10-2025T17:09:13 - [TEST_STEP][PASSED] - if (gender != null && trim().length() > 0): Object: '' is clicked on

03-10-2025T17:09:13 - [TEST_STEP][PASSED] - comment(Klik gender: $gender): Klik gender: Male

03-10-2025T17:09:13 - [MESSAGE][INFO] - Klik gender: Male

03-10-2025T17:09:13 - [TEST_STEP][PASSED] - genderOption = new com.kms.katalon.core.testobject.TestObject(): null

03-10-2025T17:09:13 - [TEST_STEP][PASSED] - genderOption.addProperty("xpath", EQUALS, //label[normalize-space(text())='$gender']): null

03-10-2025T17:09:13 - [TEST_STEP][PASSED] - click(genderOption): Object: '' is clicked on

03-10-2025T17:09:13 - [MESSAGE][PASSED] - Object: '' is clicked on

03-10-2025T17:09:13 - [TEST_STEP][PASSED] - setText(findTestObject("Page_DEMOQA/input_(10 Digits)_userNumber"), "0" + mobile): Text '0877362673' is set on object 'Object Repository/Page_DEMOQA/input_(10 Digits)_userNumber'

03-10-2025T17:09:14 - [MESSAGE][PASSED] - Text '0877362673' is set on object 'Object Repository/Page_DEMOQA/input_(10 Digits)_userNumber'

03-10-2025T17:09:14 - [TEST_STEP][PASSED] - if (dob && dob.trim() != ""): Object: '' is clicked on

03-10-2025T17:09:14 - [TEST_STEP][PASSED] - parts = dob.split("/"): null

03-10-2025T17:09:14 - [TEST_STEP][PASSED] - day = parts[0]: null

03-10-2025T17:09:14 - [TEST_STEP][PASSED] - month = parts[1].toInteger() - 1: null

03-10-2025T17:09:14 - [TEST_STEP][PASSED] - year = parts[2]: null

03-10-2025T17:09:14 - [TEST_STEP][PASSED] - click(findTestObject("Page_DEMOQA/input_Date of Birth_dateOfBirthInput")): Object: 'Object Repository/Page_DEMOQA/input_Date of Birth_dateOfBirthInput' is clicked on

03-10-2025T17:09:15 - [MESSAGE][PASSED] - Object: 'Object Repository/Page_DEMOQA/input_Date of Birth_dateOfBirthInput' is clicked on

03-10-2025T17:09:15 - [TEST_STEP][PASSED] - yearSelect = new com.kms.katalon.core.testobject.TestObject(): null

03-10-2025T17:09:15 - [TEST_STEP][PASSED] - yearSelect.addProperty("xpath", EQUALS, "//select[contains(@class,'react-datepicker__year-select')]"): null

03-10-2025T17:09:15 - [TEST_STEP][PASSED] - monthSelect = new com.kms.katalon.core.testobject.TestObject(): null

03-10-2025T17:09:15 - [TEST_STEP][PASSED] - monthSelect.addProperty("xpath", EQUALS, "//select[contains(@class,'react-datepicker__month-select')]"): null

03-10-2025T17:09:15 - [TEST_STEP][PASSED] - selectOptionByValue(yearSelect, year, true): All options with value '2000' are selected in object ''  using regular expression

03-10-2025T17:09:17 - [MESSAGE][PASSED] - All options with value '2000' are selected in object ''  using regular expression

03-10-2025T17:09:17 - [TEST_STEP][PASSED] - selectOptionByIndex(monthSelect, month): All options with index in [9] are selected on object ''

03-10-2025T17:09:18 - [MESSAGE][PASSED] - All options with index in [9] are selected on object ''

03-10-2025T17:09:18 - [TEST_STEP][PASSED] - dayObject = new com.kms.katalon.core.testobject.TestObject(): null

03-10-2025T17:09:18 - [TEST_STEP][PASSED] - dayObject.addProperty("xpath", EQUALS, //div[contains(@class,'react-datepicker__day') and not(contains(@class,'outside-month')) and text()='$day']): null

03-10-2025T17:09:18 - [TEST_STEP][PASSED] - click(dayObject): Object: '' is clicked on

03-10-2025T17:09:18 - [MESSAGE][PASSED] - Object: '' is clicked on

03-10-2025T17:09:18 - [TEST_STEP][PASSED] - if (subject && subject.trim() != ""): Keys 'ENTER + ' sent to object: 'Object Repository/Page_DEMOQA/input_Subjects_subjectsInput'

03-10-2025T17:09:18 - [TEST_STEP][PASSED] - setText(findTestObject("Page_DEMOQA/input_Subjects_subjectsInput"), subject): Text 'Math' is set on object 'Object Repository/Page_DEMOQA/input_Subjects_subjectsInput'

03-10-2025T17:09:19 - [MESSAGE][PASSED] - Text 'Math' is set on object 'Object Repository/Page_DEMOQA/input_Subjects_subjectsInput'

03-10-2025T17:09:19 - [TEST_STEP][PASSED] - sendKeys(findTestObject("Page_DEMOQA/input_Subjects_subjectsInput"), Keys.chord(ENTER)): Keys 'ENTER + ' sent to object: 'Object Repository/Page_DEMOQA/input_Subjects_subjectsInput'

03-10-2025T17:09:19 - [MESSAGE][PASSED] - Keys 'ENTER + ' sent to object: 'Object Repository/Page_DEMOQA/input_Subjects_subjectsInput'

03-10-2025T17:09:19 - [TEST_STEP][PASSED] - if (hobbies && hobbies.trim() != ""): Object: '' is clicked on

03-10-2025T17:09:19 - [TEST_STEP][PASSED] - hobbyOption = new com.kms.katalon.core.testobject.TestObject(): null

03-10-2025T17:09:19 - [TEST_STEP][PASSED] - hobbyOption.addProperty("xpath", EQUALS, //label[text()='$hobbies']): null

03-10-2025T17:09:19 - [TEST_STEP][PASSED] - click(hobbyOption): Object: '' is clicked on

03-10-2025T17:09:20 - [MESSAGE][PASSED] - Object: '' is clicked on

03-10-2025T17:09:20 - [TEST_STEP][PASSED] - if (picture && picture.trim() != ""): File 'C:\Users\Jexxy\Downloads\WhatsApp Image 2025-09-29 at 2.27.59 PM.jpeg' sent to object: 'Object Repository/Page_DEMOQA/input_Select picture_uploadPicture'

03-10-2025T17:09:20 - [TEST_STEP][PASSED] - comment(📂 Upload picture: $picture): 📂 Upload picture: C:\Users\Jexxy\Downloads\WhatsApp Image 2025-09-29 at 2.27.59 PM.jpeg

03-10-2025T17:09:20 - [MESSAGE][INFO] - 📂 Upload picture: C:\Users\Jexxy\Downloads\WhatsApp Image 2025-09-29 at 2.27.59 PM.jpeg

03-10-2025T17:09:20 - [TEST_STEP][PASSED] - uploadFile(findTestObject("Page_DEMOQA/input_Select picture_uploadPicture"), picture): File 'C:\Users\Jexxy\Downloads\WhatsApp Image 2025-09-29 at 2.27.59 PM.jpeg' sent to object: 'Object Repository/Page_DEMOQA/input_Select picture_uploadPicture'

03-10-2025T17:09:20 - [MESSAGE][PASSED] - File 'C:\Users\Jexxy\Downloads\WhatsApp Image 2025-09-29 at 2.27.59 PM.jpeg' sent to object: 'Object Repository/Page_DEMOQA/input_Select picture_uploadPicture'

03-10-2025T17:09:20 - [TEST_STEP][PASSED] - setText(findTestObject("Page_DEMOQA/textarea_Current Address_currentAddress"), address): Text 'Jl. Jalan' is set on object 'Object Repository/Page_DEMOQA/textarea_Current Address_currentAddress'

03-10-2025T17:09:21 - [MESSAGE][PASSED] - Text 'Jl. Jalan' is set on object 'Object Repository/Page_DEMOQA/textarea_Current Address_currentAddress'

03-10-2025T17:09:21 - [TEST_STEP][PASSED] - if (state && state.trim() != ""): Object: '' is clicked on

03-10-2025T17:09:21 - [TEST_STEP][PASSED] - click(findTestObject("Page_DEMOQA/div_Select State_css-1gtu0rj-indicatorContainer")): Object: 'Object Repository/Page_DEMOQA/div_Select State_css-1gtu0rj-indicatorContainer' is clicked on

03-10-2025T17:09:21 - [MESSAGE][PASSED] - Object: 'Object Repository/Page_DEMOQA/div_Select State_css-1gtu0rj-indicatorContainer' is clicked on

03-10-2025T17:09:21 - [TEST_STEP][PASSED] - stateOption = new com.kms.katalon.core.testobject.TestObject(): null

03-10-2025T17:09:21 - [TEST_STEP][PASSED] - stateOption.addProperty("xpath", EQUALS, //div[contains(@id,'react-select-3-option') and text()='$state']): null

03-10-2025T17:09:21 - [TEST_STEP][PASSED] - click(stateOption): Object: '' is clicked on

03-10-2025T17:09:22 - [MESSAGE][PASSED] - Object: '' is clicked on

03-10-2025T17:09:22 - [TEST_STEP][PASSED] - if (city && city.trim() != ""): Object: '' is clicked on

03-10-2025T17:09:22 - [TEST_STEP][PASSED] - click(findTestObject("Page_DEMOQA/svg_Select City_css-19bqh2r")): Object: 'Object Repository/Page_DEMOQA/svg_Select City_css-19bqh2r' is clicked on

03-10-2025T17:09:22 - [MESSAGE][PASSED] - Object: 'Object Repository/Page_DEMOQA/svg_Select City_css-19bqh2r' is clicked on

03-10-2025T17:09:22 - [TEST_STEP][PASSED] - cityOption = new com.kms.katalon.core.testobject.TestObject(): null

03-10-2025T17:09:22 - [TEST_STEP][PASSED] - cityOption.addProperty("xpath", EQUALS, //div[contains(@id,'react-select-4-option') and text()='$city']): null

03-10-2025T17:09:22 - [TEST_STEP][PASSED] - click(cityOption): Object: '' is clicked on

03-10-2025T17:09:23 - [MESSAGE][PASSED] - Object: '' is clicked on

03-10-2025T17:09:23 - [TEST_STEP][PASSED] - submitBtn = new com.kms.katalon.core.testobject.TestObject(): null

03-10-2025T17:09:23 - [TEST_STEP][PASSED] - submitBtn.addProperty("xpath", EQUALS, "//button[@id='submit']"): null

03-10-2025T17:09:23 - [TEST_STEP][PASSED] - click(submitBtn): Object: '' is clicked on

03-10-2025T17:09:23 - [MESSAGE][PASSED] - Object: '' is clicked on

03-10-2025T17:09:23 - [TEST_STEP][PASSED] - if (expected == "required" && gender == null || gender.trim() == ""): null

03-10-2025T17:09:24 - [TEST_STEP][PASSED] - else if (expected == "valid"): null

03-10-2025T17:09:24 - [TEST_STEP][PASSED] - else if (expected == "required"): null

03-10-2025T17:09:24 - [TEST_STEP][PASSED] - isValid = executeJavaScript("return document.getElementById('lastName').checkValidity();", []): Execute JavaScript 'return document.getElementById('lastName').checkValidity();' successfully

03-10-2025T17:09:24 - [MESSAGE][PASSED] - Execute JavaScript 'return document.getElementById('lastName').checkValidity();' successfully

03-10-2025T17:09:24 - [TEST_STEP][PASSED] - assert isValid == false: null

03-10-2025T17:09:24 - [TEST_STEP][PASSED] - closeBrowser(): Browser is closed

03-10-2025T17:09:24 - [MESSAGE][PASSED] - Browser is closed]]></system-out>
         <system-err><![CDATA[]]></system-err>
      </testcase>
      <system-out><![CDATA[03-10-2025T17:05:15 - [TEST_SUITE][PASSED] - TTS_DemoQA_Form: null]]></system-out>
      <system-err><![CDATA[]]></system-err>
   </testsuite>
</testsuites>
